[0.687s] Invoking command in '/home/supreme/example_project_ws/src/example_project': PYTHONPATH=/home/supreme/example_project_ws/build/example_project/prefix_override:/usr/lib/python3/dist-packages/colcon_core/task/python/colcon_distutils_commands:/home/supreme/example_project_ws/install/example_project/lib/python3.10/site-packages:${PYTHONPATH} /usr/bin/python3 -W ignore:setup.py install is deprecated -W ignore:easy_install command is deprecated setup.py egg_info --egg-base ../../build/example_project build --build-base /home/supreme/example_project_ws/build/example_project/build install --record /home/supreme/example_project_ws/build/example_project/install.log --single-version-externally-managed install_data
[0.949s] running egg_info
[0.949s] creating ../../build/example_project/example_project.egg-info
[0.949s] writing ../../build/example_project/example_project.egg-info/PKG-INFO
[0.950s] writing dependency_links to ../../build/example_project/example_project.egg-info/dependency_links.txt
[0.950s] writing entry points to ../../build/example_project/example_project.egg-info/entry_points.txt
[0.950s] writing requirements to ../../build/example_project/example_project.egg-info/requires.txt
[0.950s] writing top-level names to ../../build/example_project/example_project.egg-info/top_level.txt
[0.950s] writing manifest file '../../build/example_project/example_project.egg-info/SOURCES.txt'
[0.951s] reading manifest file '../../build/example_project/example_project.egg-info/SOURCES.txt'
[0.952s] writing manifest file '../../build/example_project/example_project.egg-info/SOURCES.txt'
[0.952s] running build
[0.952s] running build_py
[0.953s] creating /home/supreme/example_project_ws/build/example_project/build
[0.953s] creating /home/supreme/example_project_ws/build/example_project/build/lib
[0.953s] creating /home/supreme/example_project_ws/build/example_project/build/lib/example_project
[0.953s] copying example_project/customer_v4.py -> /home/supreme/example_project_ws/build/example_project/build/lib/example_project
[0.953s] copying example_project/__init__.py -> /home/supreme/example_project_ws/build/example_project/build/lib/example_project
[0.953s] copying example_project/kitchen_v4.py -> /home/supreme/example_project_ws/build/example_project/build/lib/example_project
[0.953s] running install
[0.953s] running install_lib
[0.954s] creating /home/supreme/example_project_ws/install/example_project/lib/python3.10/site-packages/example_project
[0.954s] copying /home/supreme/example_project_ws/build/example_project/build/lib/example_project/customer_v4.py -> /home/supreme/example_project_ws/install/example_project/lib/python3.10/site-packages/example_project
[0.954s] copying /home/supreme/example_project_ws/build/example_project/build/lib/example_project/__init__.py -> /home/supreme/example_project_ws/install/example_project/lib/python3.10/site-packages/example_project
[0.954s] copying /home/supreme/example_project_ws/build/example_project/build/lib/example_project/kitchen_v4.py -> /home/supreme/example_project_ws/install/example_project/lib/python3.10/site-packages/example_project
[0.955s] byte-compiling /home/supreme/example_project_ws/install/example_project/lib/python3.10/site-packages/example_project/customer_v4.py to customer_v4.cpython-310.pyc
[0.956s] byte-compiling /home/supreme/example_project_ws/install/example_project/lib/python3.10/site-packages/example_project/__init__.py to __init__.cpython-310.pyc
[0.956s] byte-compiling /home/supreme/example_project_ws/install/example_project/lib/python3.10/site-packages/example_project/kitchen_v4.py to kitchen_v4.cpython-310.pyc
[0.958s] running install_data
[0.958s] creating /home/supreme/example_project_ws/install/example_project/share/ament_index
[0.958s] creating /home/supreme/example_project_ws/install/example_project/share/ament_index/resource_index
[0.958s] creating /home/supreme/example_project_ws/install/example_project/share/ament_index/resource_index/packages
[0.958s] copying resource/example_project -> /home/supreme/example_project_ws/install/example_project/share/ament_index/resource_index/packages
[0.958s] copying package.xml -> /home/supreme/example_project_ws/install/example_project/share/example_project
[0.958s] creating /home/supreme/example_project_ws/install/example_project/share/example_project/launch
[0.958s] copying launch/example.launch.py -> /home/supreme/example_project_ws/install/example_project/share/example_project/launch
[0.959s] running install_egg_info
[0.960s] Copying ../../build/example_project/example_project.egg-info to /home/supreme/example_project_ws/install/example_project/lib/python3.10/site-packages/example_project-0.0.1-py3.10.egg-info
[0.961s] running install_scripts
[0.981s] Installing customer_v4 script to /home/supreme/example_project_ws/install/example_project/lib/example_project
[0.981s] Installing kitchen_v4 script to /home/supreme/example_project_ws/install/example_project/lib/example_project
[0.981s] writing list of installed files to '/home/supreme/example_project_ws/build/example_project/install.log'
[1.004s] Invoked command in '/home/supreme/example_project_ws/src/example_project' returned '0': PYTHONPATH=/home/supreme/example_project_ws/build/example_project/prefix_override:/usr/lib/python3/dist-packages/colcon_core/task/python/colcon_distutils_commands:/home/supreme/example_project_ws/install/example_project/lib/python3.10/site-packages:${PYTHONPATH} /usr/bin/python3 -W ignore:setup.py install is deprecated -W ignore:easy_install command is deprecated setup.py egg_info --egg-base ../../build/example_project build --build-base /home/supreme/example_project_ws/build/example_project/build install --record /home/supreme/example_project_ws/build/example_project/install.log --single-version-externally-managed install_data
