[0.932s] Invoking command in '/home/supreme/example_project_ws/src/example_project': PYTHONPATH=/home/supreme/example_project_ws/build/example_project/prefix_override:/usr/lib/python3/dist-packages/colcon_core/task/python/colcon_distutils_commands:/home/supreme/example_project_ws/install/example_project/lib/python3.10/site-packages:${PYTHONPATH} /usr/bin/python3 -W ignore:setup.py install is deprecated -W ignore:easy_install command is deprecated setup.py egg_info --egg-base ../../build/example_project build --build-base /home/supreme/example_project_ws/build/example_project/build install --record /home/supreme/example_project_ws/build/example_project/install.log --single-version-externally-managed install_data
[1.201s] running egg_info
[1.202s] creating ../../build/example_project/example_project.egg-info
[1.202s] writing ../../build/example_project/example_project.egg-info/PKG-INFO
[1.202s] writing dependency_links to ../../build/example_project/example_project.egg-info/dependency_links.txt
[1.202s] writing entry points to ../../build/example_project/example_project.egg-info/entry_points.txt
[1.202s] writing requirements to ../../build/example_project/example_project.egg-info/requires.txt
[1.203s] writing top-level names to ../../build/example_project/example_project.egg-info/top_level.txt
[1.203s] writing manifest file '../../build/example_project/example_project.egg-info/SOURCES.txt'
[1.204s] reading manifest file '../../build/example_project/example_project.egg-info/SOURCES.txt'
[1.205s] writing manifest file '../../build/example_project/example_project.egg-info/SOURCES.txt'
[1.205s] running build
[1.205s] running build_py
[1.206s] creating /home/supreme/example_project_ws/build/example_project/build
[1.206s] creating /home/supreme/example_project_ws/build/example_project/build/lib
[1.206s] creating /home/supreme/example_project_ws/build/example_project/build/lib/example_project
[1.206s] copying example_project/customer_v4.py -> /home/supreme/example_project_ws/build/example_project/build/lib/example_project
[1.206s] copying example_project/__init__.py -> /home/supreme/example_project_ws/build/example_project/build/lib/example_project
[1.206s] copying example_project/kitchen_v4.py -> /home/supreme/example_project_ws/build/example_project/build/lib/example_project
[1.206s] copying example_project/db_utils.py -> /home/supreme/example_project_ws/build/example_project/build/lib/example_project
[1.206s] running install
[1.207s] running install_lib
[1.208s] creating /home/supreme/example_project_ws/install/example_project/lib/python3.10/site-packages/example_project
[1.208s] copying /home/supreme/example_project_ws/build/example_project/build/lib/example_project/customer_v4.py -> /home/supreme/example_project_ws/install/example_project/lib/python3.10/site-packages/example_project
[1.208s] copying /home/supreme/example_project_ws/build/example_project/build/lib/example_project/__init__.py -> /home/supreme/example_project_ws/install/example_project/lib/python3.10/site-packages/example_project
[1.208s] copying /home/supreme/example_project_ws/build/example_project/build/lib/example_project/kitchen_v4.py -> /home/supreme/example_project_ws/install/example_project/lib/python3.10/site-packages/example_project
[1.208s] copying /home/supreme/example_project_ws/build/example_project/build/lib/example_project/db_utils.py -> /home/supreme/example_project_ws/install/example_project/lib/python3.10/site-packages/example_project
[1.209s] byte-compiling /home/supreme/example_project_ws/install/example_project/lib/python3.10/site-packages/example_project/customer_v4.py to customer_v4.cpython-310.pyc
[1.212s] byte-compiling /home/supreme/example_project_ws/install/example_project/lib/python3.10/site-packages/example_project/__init__.py to __init__.cpython-310.pyc
[1.212s] byte-compiling /home/supreme/example_project_ws/install/example_project/lib/python3.10/site-packages/example_project/kitchen_v4.py to kitchen_v4.cpython-310.pyc
[1.215s] byte-compiling /home/supreme/example_project_ws/install/example_project/lib/python3.10/site-packages/example_project/db_utils.py to db_utils.cpython-310.pyc
[1.216s] running install_data
[1.216s] creating /home/supreme/example_project_ws/install/example_project/share/ament_index
[1.216s] creating /home/supreme/example_project_ws/install/example_project/share/ament_index/resource_index
[1.216s] creating /home/supreme/example_project_ws/install/example_project/share/ament_index/resource_index/packages
[1.216s] copying resource/example_project -> /home/supreme/example_project_ws/install/example_project/share/ament_index/resource_index/packages
[1.216s] copying package.xml -> /home/supreme/example_project_ws/install/example_project/share/example_project
[1.216s] creating /home/supreme/example_project_ws/install/example_project/share/example_project/launch
[1.216s] copying launch/example.launch.py -> /home/supreme/example_project_ws/install/example_project/share/example_project/launch
[1.217s] creating /home/supreme/example_project_ws/install/example_project/share/example_project/images
[1.217s] copying images/colombia.jpg -> /home/supreme/example_project_ws/install/example_project/share/example_project/images
[1.217s] copying images/guatemala.jpg -> /home/supreme/example_project_ws/install/example_project/share/example_project/images
[1.217s] copying images/costarica.jpg -> /home/supreme/example_project_ws/install/example_project/share/example_project/images
[1.217s] copying images/kenya.jpg -> /home/supreme/example_project_ws/install/example_project/share/example_project/images
[1.217s] running install_egg_info
[1.220s] Copying ../../build/example_project/example_project.egg-info to /home/supreme/example_project_ws/install/example_project/lib/python3.10/site-packages/example_project-0.0.1-py3.10.egg-info
[1.220s] running install_scripts
[1.243s] Installing customer_v4 script to /home/supreme/example_project_ws/install/example_project/lib/example_project
[1.243s] Installing kitchen_v4 script to /home/supreme/example_project_ws/install/example_project/lib/example_project
[1.244s] writing list of installed files to '/home/supreme/example_project_ws/build/example_project/install.log'
[1.281s] Invoked command in '/home/supreme/example_project_ws/src/example_project' returned '0': PYTHONPATH=/home/supreme/example_project_ws/build/example_project/prefix_override:/usr/lib/python3/dist-packages/colcon_core/task/python/colcon_distutils_commands:/home/supreme/example_project_ws/install/example_project/lib/python3.10/site-packages:${PYTHONPATH} /usr/bin/python3 -W ignore:setup.py install is deprecated -W ignore:easy_install command is deprecated setup.py egg_info --egg-base ../../build/example_project build --build-base /home/supreme/example_project_ws/build/example_project/build install --record /home/supreme/example_project_ws/build/example_project/install.log --single-version-externally-managed install_data
