running egg_info
writing ../build/move_robot/move_robot.egg-info/PKG-INFO
writing dependency_links to ../build/move_robot/move_robot.egg-info/dependency_links.txt
writing entry points to ../build/move_robot/move_robot.egg-info/entry_points.txt
writing requirements to ../build/move_robot/move_robot.egg-info/requires.txt
writing top-level names to ../build/move_robot/move_robot.egg-info/top_level.txt
reading manifest file '../build/move_robot/move_robot.egg-info/SOURCES.txt'
writing manifest file '../build/move_robot/move_robot.egg-info/SOURCES.txt'
running build
running build_py
running install
running install_lib
running install_data
creating /home/rokey/Desktop/example_project_ws/src/install/move_robot/share/move_robot/launch
copying launch/cafe.launch.py -> /home/rokey/Desktop/example_project_ws/src/install/move_robot/share/move_robot/launch
running install_egg_info
removing '/home/rokey/Desktop/example_project_ws/src/install/move_robot/lib/python3.10/site-packages/move_robot-0.0.0-py3.10.egg-info' (and everything under it)
Copying ../build/move_robot/move_robot.egg-info to /home/rokey/Desktop/example_project_ws/src/install/move_robot/lib/python3.10/site-packages/move_robot-0.0.0-py3.10.egg-info
running install_scripts
writing list of installed files to '/home/rokey/Desktop/example_project_ws/src/build/move_robot/install.log'
