[0.174s] DEBUG:colcon:Command line arguments: ['/usr/bin/colcon', 'build']
[0.174s] DEBUG:colcon:Parsed command line arguments: Namespace(log_base=None, log_level=None, verb_name='build', build_base='build', install_base='install', merge_install=False, symlink_install=False, test_result_base=None, continue_on_error=False, executor='parallel', parallel_workers=22, event_handlers=None, ignore_user_meta=False, metas=['./colcon.meta'], base_paths=['.'], packages_ignore=None, packages_ignore_regex=None, paths=None, packages_up_to=None, packages_up_to_regex=None, packages_above=None, packages_above_and_dependencies=None, packages_above_depth=None, packages_select_by_dep=None, packages_skip_by_dep=None, packages_skip_up_to=None, packages_select_build_failed=False, packages_skip_build_finished=False, packages_select_test_failures=False, packages_skip_test_passed=False, packages_select=None, packages_skip=None, packages_select_regex=None, packages_skip_regex=None, packages_start=None, packages_end=None, allow_overriding=[], cmake_args=None, cmake_target=None, cmake_target_skip_unavailable=False, cmake_clean_cache=False, cmake_clean_first=False, cmake_force_configure=False, ament_cmake_args=None, catkin_cmake_args=None, catkin_skip_building_tests=False, verb_parser=<colcon_defaults.argument_parser.defaults.DefaultArgumentsDecorator object at 0x773f6fca2620>, verb_extension=<colcon_core.verb.build.BuildVerb object at 0x773f6fca2110>, main=<bound method BuildVerb.main of <colcon_core.verb.build.BuildVerb object at 0x773f6fca2110>>)
[0.438s] Level 1:colcon.colcon_core.package_discovery:discover_packages(colcon_meta) check parameters
[0.439s] Level 1:colcon.colcon_core.package_discovery:discover_packages(recursive) check parameters
[0.439s] Level 1:colcon.colcon_core.package_discovery:discover_packages(ignore) check parameters
[0.439s] Level 1:colcon.colcon_core.package_discovery:discover_packages(path) check parameters
[0.439s] Level 1:colcon.colcon_core.package_discovery:discover_packages(colcon_meta) discover
[0.439s] Level 1:colcon.colcon_core.package_discovery:discover_packages(recursive) discover
[0.439s] INFO:colcon.colcon_core.package_discovery:Crawling recursively for packages in '/home/rokey/Desktop/example_project_ws/src'
[0.439s] Level 1:colcon.colcon_core.package_identification:_identify(.) by extensions ['ignore', 'ignore_ament_install']
[0.439s] Level 1:colcon.colcon_core.package_identification:_identify(.) by extension 'ignore'
[0.439s] Level 1:colcon.colcon_core.package_identification:_identify(.) by extension 'ignore_ament_install'
[0.439s] Level 1:colcon.colcon_core.package_identification:_identify(.) by extensions ['colcon_pkg']
[0.439s] Level 1:colcon.colcon_core.package_identification:_identify(.) by extension 'colcon_pkg'
[0.439s] Level 1:colcon.colcon_core.package_identification:_identify(.) by extensions ['colcon_meta']
[0.439s] Level 1:colcon.colcon_core.package_identification:_identify(.) by extension 'colcon_meta'
[0.439s] Level 1:colcon.colcon_core.package_identification:_identify(.) by extensions ['ros']
[0.440s] Level 1:colcon.colcon_core.package_identification:_identify(.) by extension 'ros'
[0.456s] Level 1:colcon.colcon_core.package_identification:_identify(.) by extensions ['cmake', 'python']
[0.457s] Level 1:colcon.colcon_core.package_identification:_identify(.) by extension 'cmake'
[0.457s] Level 1:colcon.colcon_core.package_identification:_identify(.) by extension 'python'
[0.457s] Level 1:colcon.colcon_core.package_identification:_identify(.) by extensions ['python_setup_py']
[0.457s] Level 1:colcon.colcon_core.package_identification:_identify(.) by extension 'python_setup_py'
[0.457s] Level 1:colcon.colcon_core.package_identification:_identify(build) by extensions ['ignore', 'ignore_ament_install']
[0.457s] Level 1:colcon.colcon_core.package_identification:_identify(build) by extension 'ignore'
[0.457s] Level 1:colcon.colcon_core.package_identification:_identify(build) ignored
[0.457s] Level 1:colcon.colcon_core.package_identification:_identify(example_project) by extensions ['ignore', 'ignore_ament_install']
[0.457s] Level 1:colcon.colcon_core.package_identification:_identify(example_project) by extension 'ignore'
[0.457s] Level 1:colcon.colcon_core.package_identification:_identify(example_project) by extension 'ignore_ament_install'
[0.457s] Level 1:colcon.colcon_core.package_identification:_identify(example_project) by extensions ['colcon_pkg']
[0.457s] Level 1:colcon.colcon_core.package_identification:_identify(example_project) by extension 'colcon_pkg'
[0.457s] Level 1:colcon.colcon_core.package_identification:_identify(example_project) by extensions ['colcon_meta']
[0.457s] Level 1:colcon.colcon_core.package_identification:_identify(example_project) by extension 'colcon_meta'
[0.458s] Level 1:colcon.colcon_core.package_identification:_identify(example_project) by extensions ['ros']
[0.458s] Level 1:colcon.colcon_core.package_identification:_identify(example_project) by extension 'ros'
[0.461s] DEBUG:colcon.colcon_core.package_identification:Package 'example_project' with type 'ros.ament_python' and name 'example_project'
[0.461s] Level 1:colcon.colcon_core.package_identification:_identify(install) by extensions ['ignore', 'ignore_ament_install']
[0.461s] Level 1:colcon.colcon_core.package_identification:_identify(install) by extension 'ignore'
[0.461s] Level 1:colcon.colcon_core.package_identification:_identify(install) ignored
[0.461s] Level 1:colcon.colcon_core.package_identification:_identify(log) by extensions ['ignore', 'ignore_ament_install']
[0.461s] Level 1:colcon.colcon_core.package_identification:_identify(log) by extension 'ignore'
[0.462s] Level 1:colcon.colcon_core.package_identification:_identify(log) ignored
[0.462s] Level 1:colcon.colcon_core.package_identification:_identify(move_the_robot) by extensions ['ignore', 'ignore_ament_install']
[0.462s] Level 1:colcon.colcon_core.package_identification:_identify(move_the_robot) by extension 'ignore'
[0.462s] Level 1:colcon.colcon_core.package_identification:_identify(move_the_robot) by extension 'ignore_ament_install'
[0.462s] Level 1:colcon.colcon_core.package_identification:_identify(move_the_robot) by extensions ['colcon_pkg']
[0.462s] Level 1:colcon.colcon_core.package_identification:_identify(move_the_robot) by extension 'colcon_pkg'
[0.462s] Level 1:colcon.colcon_core.package_identification:_identify(move_the_robot) by extensions ['colcon_meta']
[0.462s] Level 1:colcon.colcon_core.package_identification:_identify(move_the_robot) by extension 'colcon_meta'
[0.462s] Level 1:colcon.colcon_core.package_identification:_identify(move_the_robot) by extensions ['ros']
[0.462s] Level 1:colcon.colcon_core.package_identification:_identify(move_the_robot) by extension 'ros'
[0.463s] DEBUG:colcon.colcon_core.package_identification:Package 'move_the_robot' with type 'ros.ament_python' and name 'cafe_project'
[0.463s] Level 1:colcon.colcon_core.package_discovery:discover_packages(recursive) using defaults
[0.463s] Level 1:colcon.colcon_core.package_discovery:discover_packages(ignore) discover
[0.463s] Level 1:colcon.colcon_core.package_discovery:discover_packages(ignore) using defaults
[0.463s] Level 1:colcon.colcon_core.package_discovery:discover_packages(path) discover
[0.463s] Level 1:colcon.colcon_core.package_discovery:discover_packages(path) using defaults
[0.490s] Level 1:colcon.colcon_core.package_discovery:discover_packages(prefix_path) check parameters
[0.490s] Level 1:colcon.colcon_core.package_discovery:discover_packages(prefix_path) discover
[0.493s] DEBUG:colcon.colcon_installed_package_information.package_discovery:Found 16 installed packages in /home/rokey/turtlebot3_ws/install
[0.496s] DEBUG:colcon.colcon_installed_package_information.package_discovery:Found 450 installed packages in /opt/ros/humble
[0.499s] Level 1:colcon.colcon_core.package_discovery:discover_packages(prefix_path) using defaults
[0.564s] Level 5:colcon.colcon_core.verb:set package 'cafe_project' build argument 'cmake_args' from command line to 'None'
[0.564s] Level 5:colcon.colcon_core.verb:set package 'cafe_project' build argument 'cmake_target' from command line to 'None'
[0.564s] Level 5:colcon.colcon_core.verb:set package 'cafe_project' build argument 'cmake_target_skip_unavailable' from command line to 'False'
[0.564s] Level 5:colcon.colcon_core.verb:set package 'cafe_project' build argument 'cmake_clean_cache' from command line to 'False'
[0.564s] Level 5:colcon.colcon_core.verb:set package 'cafe_project' build argument 'cmake_clean_first' from command line to 'False'
[0.564s] Level 5:colcon.colcon_core.verb:set package 'cafe_project' build argument 'cmake_force_configure' from command line to 'False'
[0.564s] Level 5:colcon.colcon_core.verb:set package 'cafe_project' build argument 'ament_cmake_args' from command line to 'None'
[0.564s] Level 5:colcon.colcon_core.verb:set package 'cafe_project' build argument 'catkin_cmake_args' from command line to 'None'
[0.564s] Level 5:colcon.colcon_core.verb:set package 'cafe_project' build argument 'catkin_skip_building_tests' from command line to 'False'
[0.564s] DEBUG:colcon.colcon_core.verb:Building package 'cafe_project' with the following arguments: {'ament_cmake_args': None, 'build_base': '/home/rokey/Desktop/example_project_ws/src/build/cafe_project', 'catkin_cmake_args': None, 'catkin_skip_building_tests': False, 'cmake_args': None, 'cmake_clean_cache': False, 'cmake_clean_first': False, 'cmake_force_configure': False, 'cmake_target': None, 'cmake_target_skip_unavailable': False, 'install_base': '/home/rokey/Desktop/example_project_ws/src/install/cafe_project', 'merge_install': False, 'path': '/home/rokey/Desktop/example_project_ws/src/move_the_robot', 'symlink_install': False, 'test_result_base': None}
[0.565s] Level 5:colcon.colcon_core.verb:set package 'example_project' build argument 'cmake_args' from command line to 'None'
[0.565s] Level 5:colcon.colcon_core.verb:set package 'example_project' build argument 'cmake_target' from command line to 'None'
[0.565s] Level 5:colcon.colcon_core.verb:set package 'example_project' build argument 'cmake_target_skip_unavailable' from command line to 'False'
[0.565s] Level 5:colcon.colcon_core.verb:set package 'example_project' build argument 'cmake_clean_cache' from command line to 'False'
[0.565s] Level 5:colcon.colcon_core.verb:set package 'example_project' build argument 'cmake_clean_first' from command line to 'False'
[0.565s] Level 5:colcon.colcon_core.verb:set package 'example_project' build argument 'cmake_force_configure' from command line to 'False'
[0.565s] Level 5:colcon.colcon_core.verb:set package 'example_project' build argument 'ament_cmake_args' from command line to 'None'
[0.565s] Level 5:colcon.colcon_core.verb:set package 'example_project' build argument 'catkin_cmake_args' from command line to 'None'
[0.565s] Level 5:colcon.colcon_core.verb:set package 'example_project' build argument 'catkin_skip_building_tests' from command line to 'False'
[0.565s] DEBUG:colcon.colcon_core.verb:Building package 'example_project' with the following arguments: {'ament_cmake_args': None, 'build_base': '/home/rokey/Desktop/example_project_ws/src/build/example_project', 'catkin_cmake_args': None, 'catkin_skip_building_tests': False, 'cmake_args': None, 'cmake_clean_cache': False, 'cmake_clean_first': False, 'cmake_force_configure': False, 'cmake_target': None, 'cmake_target_skip_unavailable': False, 'install_base': '/home/rokey/Desktop/example_project_ws/src/install/example_project', 'merge_install': False, 'path': '/home/rokey/Desktop/example_project_ws/src/example_project', 'symlink_install': False, 'test_result_base': None}
[0.565s] INFO:colcon.colcon_core.executor:Executing jobs using 'parallel' executor
[0.567s] DEBUG:colcon.colcon_parallel_executor.executor.parallel:run_until_complete
[0.567s] INFO:colcon.colcon_ros.task.ament_python.build:Building ROS package in '/home/rokey/Desktop/example_project_ws/src/move_the_robot' with build type 'ament_python'
[0.567s] Level 1:colcon.colcon_core.shell:create_environment_hook('cafe_project', 'ament_prefix_path')
[0.570s] INFO:colcon.colcon_core.plugin_system:Skipping extension 'colcon_core.shell.bat': Not used on non-Windows systems
[0.571s] INFO:colcon.colcon_core.shell:Creating environment hook '/home/rokey/Desktop/example_project_ws/src/install/cafe_project/share/cafe_project/hook/ament_prefix_path.ps1'
[0.572s] INFO:colcon.colcon_core.shell:Creating environment descriptor '/home/rokey/Desktop/example_project_ws/src/install/cafe_project/share/cafe_project/hook/ament_prefix_path.dsv'
[0.572s] INFO:colcon.colcon_core.shell:Creating environment hook '/home/rokey/Desktop/example_project_ws/src/install/cafe_project/share/cafe_project/hook/ament_prefix_path.sh'
[0.574s] INFO:colcon.colcon_core.shell:Skip shell extension 'powershell' for command environment: Not usable outside of PowerShell
[0.574s] DEBUG:colcon.colcon_core.shell:Skip shell extension 'dsv' for command environment
[0.579s] INFO:colcon.colcon_ros.task.ament_python.build:Building ROS package in '/home/rokey/Desktop/example_project_ws/src/example_project' with build type 'ament_python'
[0.579s] Level 1:colcon.colcon_core.shell:create_environment_hook('example_project', 'ament_prefix_path')
[0.580s] INFO:colcon.colcon_core.shell:Creating environment hook '/home/rokey/Desktop/example_project_ws/src/install/example_project/share/example_project/hook/ament_prefix_path.ps1'
[0.580s] INFO:colcon.colcon_core.shell:Creating environment descriptor '/home/rokey/Desktop/example_project_ws/src/install/example_project/share/example_project/hook/ament_prefix_path.dsv'
[0.581s] INFO:colcon.colcon_core.shell:Creating environment hook '/home/rokey/Desktop/example_project_ws/src/install/example_project/share/example_project/hook/ament_prefix_path.sh'
[0.581s] INFO:colcon.colcon_core.shell:Skip shell extension 'powershell' for command environment: Not usable outside of PowerShell
[0.582s] DEBUG:colcon.colcon_core.shell:Skip shell extension 'dsv' for command environment
[0.963s] INFO:colcon.colcon_core.task.python.build:Building Python package in '/home/rokey/Desktop/example_project_ws/src/move_the_robot'
[0.963s] INFO:colcon.colcon_core.shell:Skip shell extension 'powershell' for command environment: Not usable outside of PowerShell
[0.963s] DEBUG:colcon.colcon_core.shell:Skip shell extension 'dsv' for command environment
[1.346s] INFO:colcon.colcon_core.task.python.build:Building Python package in '/home/rokey/Desktop/example_project_ws/src/example_project'
[1.347s] INFO:colcon.colcon_core.shell:Skip shell extension 'powershell' for command environment: Not usable outside of PowerShell
[1.347s] DEBUG:colcon.colcon_core.shell:Skip shell extension 'dsv' for command environment
[1.864s] DEBUG:colcon.colcon_core.event_handler.log_command:Invoking command in '/home/rokey/Desktop/example_project_ws/src/example_project': PYTHONPATH=/home/rokey/Desktop/example_project_ws/src/build/example_project/prefix_override:/usr/lib/python3/dist-packages/colcon_core/task/python/colcon_distutils_commands:/home/rokey/Desktop/example_project_ws/src/install/example_project/lib/python3.10/site-packages:${PYTHONPATH} /usr/bin/python3 -W ignore:setup.py install is deprecated -W ignore:easy_install command is deprecated setup.py egg_info --egg-base ../build/example_project build --build-base /home/rokey/Desktop/example_project_ws/src/build/example_project/build install --record /home/rokey/Desktop/example_project_ws/src/build/example_project/install.log --single-version-externally-managed install_data
[1.869s] DEBUG:colcon.colcon_core.event_handler.log_command:Invoking command in '/home/rokey/Desktop/example_project_ws/src/move_the_robot': PYTHONPATH=/home/rokey/Desktop/example_project_ws/src/build/cafe_project/prefix_override:/usr/lib/python3/dist-packages/colcon_core/task/python/colcon_distutils_commands:/home/rokey/Desktop/example_project_ws/src/install/cafe_project/lib/python3.10/site-packages:${PYTHONPATH} /usr/bin/python3 -W ignore:setup.py install is deprecated -W ignore:easy_install command is deprecated setup.py egg_info --egg-base ../build/cafe_project build --build-base /home/rokey/Desktop/example_project_ws/src/build/cafe_project/build install --record /home/rokey/Desktop/example_project_ws/src/build/cafe_project/install.log --single-version-externally-managed install_data
[2.296s] DEBUG:colcon.colcon_core.event_handler.log_command:Invoked command in '/home/rokey/Desktop/example_project_ws/src/move_the_robot' returned '0': PYTHONPATH=/home/rokey/Desktop/example_project_ws/src/build/cafe_project/prefix_override:/usr/lib/python3/dist-packages/colcon_core/task/python/colcon_distutils_commands:/home/rokey/Desktop/example_project_ws/src/install/cafe_project/lib/python3.10/site-packages:${PYTHONPATH} /usr/bin/python3 -W ignore:setup.py install is deprecated -W ignore:easy_install command is deprecated setup.py egg_info --egg-base ../build/cafe_project build --build-base /home/rokey/Desktop/example_project_ws/src/build/cafe_project/build install --record /home/rokey/Desktop/example_project_ws/src/build/cafe_project/install.log --single-version-externally-managed install_data
[2.301s] Level 1:colcon.colcon_core.environment:checking '/home/rokey/Desktop/example_project_ws/src/install/cafe_project' for CMake module files
[2.302s] Level 1:colcon.colcon_core.environment:checking '/home/rokey/Desktop/example_project_ws/src/install/cafe_project' for CMake config files
[2.303s] Level 1:colcon.colcon_core.environment:checking '/home/rokey/Desktop/example_project_ws/src/install/cafe_project/lib'
[2.303s] Level 1:colcon.colcon_core.environment:checking '/home/rokey/Desktop/example_project_ws/src/install/cafe_project/bin'
[2.303s] Level 1:colcon.colcon_core.environment:checking '/home/rokey/Desktop/example_project_ws/src/install/cafe_project/lib/pkgconfig/cafe_project.pc'
[2.303s] Level 1:colcon.colcon_core.environment:checking '/home/rokey/Desktop/example_project_ws/src/install/cafe_project/lib/python3.10/site-packages'
[2.303s] Level 1:colcon.colcon_core.shell:create_environment_hook('cafe_project', 'pythonpath')
[2.304s] INFO:colcon.colcon_core.shell:Creating environment hook '/home/rokey/Desktop/example_project_ws/src/install/cafe_project/share/cafe_project/hook/pythonpath.ps1'
[2.305s] INFO:colcon.colcon_core.shell:Creating environment descriptor '/home/rokey/Desktop/example_project_ws/src/install/cafe_project/share/cafe_project/hook/pythonpath.dsv'
[2.305s] INFO:colcon.colcon_core.shell:Creating environment hook '/home/rokey/Desktop/example_project_ws/src/install/cafe_project/share/cafe_project/hook/pythonpath.sh'
[2.306s] Level 1:colcon.colcon_core.environment:checking '/home/rokey/Desktop/example_project_ws/src/install/cafe_project/bin'
[2.306s] Level 1:colcon.colcon_core.environment:create_environment_scripts_only(cafe_project)
[2.307s] INFO:colcon.colcon_core.shell:Creating package script '/home/rokey/Desktop/example_project_ws/src/install/cafe_project/share/cafe_project/package.ps1'
[2.308s] INFO:colcon.colcon_core.shell:Creating package descriptor '/home/rokey/Desktop/example_project_ws/src/install/cafe_project/share/cafe_project/package.dsv'
[2.309s] INFO:colcon.colcon_core.shell:Creating package script '/home/rokey/Desktop/example_project_ws/src/install/cafe_project/share/cafe_project/package.sh'
[2.309s] INFO:colcon.colcon_core.shell:Creating package script '/home/rokey/Desktop/example_project_ws/src/install/cafe_project/share/cafe_project/package.bash'
[2.310s] INFO:colcon.colcon_core.shell:Creating package script '/home/rokey/Desktop/example_project_ws/src/install/cafe_project/share/cafe_project/package.zsh'
[2.311s] Level 1:colcon.colcon_core.environment:create_file_with_runtime_dependencies(/home/rokey/Desktop/example_project_ws/src/install/cafe_project/share/colcon-core/packages/cafe_project)
[2.313s] Level 1:colcon.colcon_core.environment:checking '/home/rokey/Desktop/example_project_ws/src/install/example_project' for CMake module files
[2.314s] DEBUG:colcon.colcon_core.event_handler.log_command:Invoked command in '/home/rokey/Desktop/example_project_ws/src/example_project' returned '0': PYTHONPATH=/home/rokey/Desktop/example_project_ws/src/build/example_project/prefix_override:/usr/lib/python3/dist-packages/colcon_core/task/python/colcon_distutils_commands:/home/rokey/Desktop/example_project_ws/src/install/example_project/lib/python3.10/site-packages:${PYTHONPATH} /usr/bin/python3 -W ignore:setup.py install is deprecated -W ignore:easy_install command is deprecated setup.py egg_info --egg-base ../build/example_project build --build-base /home/rokey/Desktop/example_project_ws/src/build/example_project/build install --record /home/rokey/Desktop/example_project_ws/src/build/example_project/install.log --single-version-externally-managed install_data
[2.314s] Level 1:colcon.colcon_core.environment:checking '/home/rokey/Desktop/example_project_ws/src/install/example_project' for CMake config files
[2.315s] Level 1:colcon.colcon_core.environment:checking '/home/rokey/Desktop/example_project_ws/src/install/example_project/lib'
[2.315s] Level 1:colcon.colcon_core.environment:checking '/home/rokey/Desktop/example_project_ws/src/install/example_project/bin'
[2.315s] Level 1:colcon.colcon_core.environment:checking '/home/rokey/Desktop/example_project_ws/src/install/example_project/lib/pkgconfig/example_project.pc'
[2.315s] Level 1:colcon.colcon_core.environment:checking '/home/rokey/Desktop/example_project_ws/src/install/example_project/lib/python3.10/site-packages'
[2.315s] Level 1:colcon.colcon_core.shell:create_environment_hook('example_project', 'pythonpath')
[2.316s] INFO:colcon.colcon_core.shell:Creating environment hook '/home/rokey/Desktop/example_project_ws/src/install/example_project/share/example_project/hook/pythonpath.ps1'
[2.316s] INFO:colcon.colcon_core.shell:Creating environment descriptor '/home/rokey/Desktop/example_project_ws/src/install/example_project/share/example_project/hook/pythonpath.dsv'
[2.317s] INFO:colcon.colcon_core.shell:Creating environment hook '/home/rokey/Desktop/example_project_ws/src/install/example_project/share/example_project/hook/pythonpath.sh'
[2.317s] Level 1:colcon.colcon_core.environment:checking '/home/rokey/Desktop/example_project_ws/src/install/example_project/bin'
[2.318s] Level 1:colcon.colcon_core.environment:create_environment_scripts_only(example_project)
[2.318s] INFO:colcon.colcon_core.shell:Creating package script '/home/rokey/Desktop/example_project_ws/src/install/example_project/share/example_project/package.ps1'
[2.319s] INFO:colcon.colcon_core.shell:Creating package descriptor '/home/rokey/Desktop/example_project_ws/src/install/example_project/share/example_project/package.dsv'
[2.319s] INFO:colcon.colcon_core.shell:Creating package script '/home/rokey/Desktop/example_project_ws/src/install/example_project/share/example_project/package.sh'
[2.320s] INFO:colcon.colcon_core.shell:Creating package script '/home/rokey/Desktop/example_project_ws/src/install/example_project/share/example_project/package.bash'
[2.320s] INFO:colcon.colcon_core.shell:Creating package script '/home/rokey/Desktop/example_project_ws/src/install/example_project/share/example_project/package.zsh'
[2.320s] Level 1:colcon.colcon_core.environment:create_file_with_runtime_dependencies(/home/rokey/Desktop/example_project_ws/src/install/example_project/share/colcon-core/packages/example_project)
[2.321s] DEBUG:colcon.colcon_parallel_executor.executor.parallel:closing loop
[2.322s] DEBUG:colcon.colcon_parallel_executor.executor.parallel:loop closed
[2.322s] DEBUG:colcon.colcon_parallel_executor.executor.parallel:run_until_complete finished with '0'
[2.322s] DEBUG:colcon.colcon_core.event_reactor:joining thread
[2.329s] INFO:colcon.colcon_core.plugin_system:Skipping extension 'colcon_notification.desktop_notification.terminal_notifier': Not used on non-Darwin systems
[2.329s] INFO:colcon.colcon_core.plugin_system:Skipping extension 'colcon_notification.desktop_notification.win32': Not used on non-Windows systems
[2.329s] INFO:colcon.colcon_notification.desktop_notification:Sending desktop notification using 'notify2'
[2.359s] DEBUG:colcon.colcon_core.event_reactor:joined thread
[2.359s] INFO:colcon.colcon_core.shell:Creating prefix script '/home/rokey/Desktop/example_project_ws/src/install/local_setup.ps1'
[2.361s] INFO:colcon.colcon_core.shell:Creating prefix util module '/home/rokey/Desktop/example_project_ws/src/install/_local_setup_util_ps1.py'
[2.363s] INFO:colcon.colcon_core.shell:Creating prefix chain script '/home/rokey/Desktop/example_project_ws/src/install/setup.ps1'
[2.365s] INFO:colcon.colcon_core.shell:Creating prefix script '/home/rokey/Desktop/example_project_ws/src/install/local_setup.sh'
[2.365s] INFO:colcon.colcon_core.shell:Creating prefix util module '/home/rokey/Desktop/example_project_ws/src/install/_local_setup_util_sh.py'
[2.366s] INFO:colcon.colcon_core.shell:Creating prefix chain script '/home/rokey/Desktop/example_project_ws/src/install/setup.sh'
[2.368s] INFO:colcon.colcon_core.shell:Creating prefix script '/home/rokey/Desktop/example_project_ws/src/install/local_setup.bash'
[2.369s] INFO:colcon.colcon_core.shell:Creating prefix chain script '/home/rokey/Desktop/example_project_ws/src/install/setup.bash'
[2.370s] INFO:colcon.colcon_core.shell:Creating prefix script '/home/rokey/Desktop/example_project_ws/src/install/local_setup.zsh'
[2.371s] INFO:colcon.colcon_core.shell:Creating prefix chain script '/home/rokey/Desktop/example_project_ws/src/install/setup.zsh'
