running egg_info
creating ../build/example_project/example_project.egg-info
writing ../build/example_project/example_project.egg-info/PKG-INFO
writing dependency_links to ../build/example_project/example_project.egg-info/dependency_links.txt
writing entry points to ../build/example_project/example_project.egg-info/entry_points.txt
writing requirements to ../build/example_project/example_project.egg-info/requires.txt
writing top-level names to ../build/example_project/example_project.egg-info/top_level.txt
writing manifest file '../build/example_project/example_project.egg-info/SOURCES.txt'
reading manifest file '../build/example_project/example_project.egg-info/SOURCES.txt'
writing manifest file '../build/example_project/example_project.egg-info/SOURCES.txt'
running build
running build_py
creating /home/rokey/Desktop/example_project_ws/src/build/example_project/build
creating /home/rokey/Desktop/example_project_ws/src/build/example_project/build/lib
creating /home/rokey/Desktop/example_project_ws/src/build/example_project/build/lib/example_project
copying example_project/kitchen_v4.py -> /home/rokey/Desktop/example_project_ws/src/build/example_project/build/lib/example_project
copying example_project/__init__.py -> /home/rokey/Desktop/example_project_ws/src/build/example_project/build/lib/example_project
copying example_project/customer_v4.py -> /home/rokey/Desktop/example_project_ws/src/build/example_project/build/lib/example_project
running install
running install_lib
creating /home/rokey/Desktop/example_project_ws/src/install/example_project/lib/python3.10/site-packages/example_project
copying /home/rokey/Desktop/example_project_ws/src/build/example_project/build/lib/example_project/kitchen_v4.py -> /home/rokey/Desktop/example_project_ws/src/install/example_project/lib/python3.10/site-packages/example_project
copying /home/rokey/Desktop/example_project_ws/src/build/example_project/build/lib/example_project/__init__.py -> /home/rokey/Desktop/example_project_ws/src/install/example_project/lib/python3.10/site-packages/example_project
copying /home/rokey/Desktop/example_project_ws/src/build/example_project/build/lib/example_project/customer_v4.py -> /home/rokey/Desktop/example_project_ws/src/install/example_project/lib/python3.10/site-packages/example_project
byte-compiling /home/rokey/Desktop/example_project_ws/src/install/example_project/lib/python3.10/site-packages/example_project/kitchen_v4.py to kitchen_v4.cpython-310.pyc
byte-compiling /home/rokey/Desktop/example_project_ws/src/install/example_project/lib/python3.10/site-packages/example_project/__init__.py to __init__.cpython-310.pyc
byte-compiling /home/rokey/Desktop/example_project_ws/src/install/example_project/lib/python3.10/site-packages/example_project/customer_v4.py to customer_v4.cpython-310.pyc
running install_data
creating /home/rokey/Desktop/example_project_ws/src/install/example_project/share/ament_index
creating /home/rokey/Desktop/example_project_ws/src/install/example_project/share/ament_index/resource_index
creating /home/rokey/Desktop/example_project_ws/src/install/example_project/share/ament_index/resource_index/packages
copying resource/example_project -> /home/rokey/Desktop/example_project_ws/src/install/example_project/share/ament_index/resource_index/packages
copying package.xml -> /home/rokey/Desktop/example_project_ws/src/install/example_project/share/example_project
creating /home/rokey/Desktop/example_project_ws/src/install/example_project/share/example_project/launch
copying launch/example.launch.py -> /home/rokey/Desktop/example_project_ws/src/install/example_project/share/example_project/launch
running install_egg_info
Copying ../build/example_project/example_project.egg-info to /home/rokey/Desktop/example_project_ws/src/install/example_project/lib/python3.10/site-packages/example_project-0.0.1-py3.10.egg-info
running install_scripts
Installing customer_v4 script to /home/rokey/Desktop/example_project_ws/src/install/example_project/lib/example_project
Installing kitchen_v4 script to /home/rokey/Desktop/example_project_ws/src/install/example_project/lib/example_project
writing list of installed files to '/home/rokey/Desktop/example_project_ws/src/build/example_project/install.log'
