[1.284s] Invoking command in '/home/rokey/Desktop/example_project_ws/src/example_project': PYTHONPATH=/home/rokey/Desktop/example_project_ws/src/build/example_project/prefix_override:/usr/lib/python3/dist-packages/colcon_core/task/python/colcon_distutils_commands:/home/rokey/Desktop/example_project_ws/src/install/example_project/lib/python3.10/site-packages:${PYTHONPATH} /usr/bin/python3 -W ignore:setup.py install is deprecated -W ignore:easy_install command is deprecated setup.py egg_info --egg-base ../build/example_project build --build-base /home/rokey/Desktop/example_project_ws/src/build/example_project/build install --record /home/rokey/Desktop/example_project_ws/src/build/example_project/install.log --single-version-externally-managed install_data
[1.627s] running egg_info
[1.628s] creating ../build/example_project/example_project.egg-info
[1.628s] writing ../build/example_project/example_project.egg-info/PKG-INFO
[1.630s] writing dependency_links to ../build/example_project/example_project.egg-info/dependency_links.txt
[1.630s] writing entry points to ../build/example_project/example_project.egg-info/entry_points.txt
[1.632s] writing requirements to ../build/example_project/example_project.egg-info/requires.txt
[1.632s] writing top-level names to ../build/example_project/example_project.egg-info/top_level.txt
[1.633s] writing manifest file '../build/example_project/example_project.egg-info/SOURCES.txt'
[1.633s] reading manifest file '../build/example_project/example_project.egg-info/SOURCES.txt'
[1.633s] writing manifest file '../build/example_project/example_project.egg-info/SOURCES.txt'
[1.633s] running build
[1.633s] running build_py
[1.633s] creating /home/rokey/Desktop/example_project_ws/src/build/example_project/build
[1.634s] creating /home/rokey/Desktop/example_project_ws/src/build/example_project/build/lib
[1.634s] creating /home/rokey/Desktop/example_project_ws/src/build/example_project/build/lib/example_project
[1.634s] copying example_project/kitchen_v4.py -> /home/rokey/Desktop/example_project_ws/src/build/example_project/build/lib/example_project
[1.634s] copying example_project/__init__.py -> /home/rokey/Desktop/example_project_ws/src/build/example_project/build/lib/example_project
[1.634s] copying example_project/customer_v4.py -> /home/rokey/Desktop/example_project_ws/src/build/example_project/build/lib/example_project
[1.634s] running install
[1.634s] running install_lib
[1.634s] creating /home/rokey/Desktop/example_project_ws/src/install/example_project/lib/python3.10/site-packages/example_project
[1.634s] copying /home/rokey/Desktop/example_project_ws/src/build/example_project/build/lib/example_project/kitchen_v4.py -> /home/rokey/Desktop/example_project_ws/src/install/example_project/lib/python3.10/site-packages/example_project
[1.635s] copying /home/rokey/Desktop/example_project_ws/src/build/example_project/build/lib/example_project/__init__.py -> /home/rokey/Desktop/example_project_ws/src/install/example_project/lib/python3.10/site-packages/example_project
[1.635s] copying /home/rokey/Desktop/example_project_ws/src/build/example_project/build/lib/example_project/customer_v4.py -> /home/rokey/Desktop/example_project_ws/src/install/example_project/lib/python3.10/site-packages/example_project
[1.635s] byte-compiling /home/rokey/Desktop/example_project_ws/src/install/example_project/lib/python3.10/site-packages/example_project/kitchen_v4.py to kitchen_v4.cpython-310.pyc
[1.637s] byte-compiling /home/rokey/Desktop/example_project_ws/src/install/example_project/lib/python3.10/site-packages/example_project/__init__.py to __init__.cpython-310.pyc
[1.637s] byte-compiling /home/rokey/Desktop/example_project_ws/src/install/example_project/lib/python3.10/site-packages/example_project/customer_v4.py to customer_v4.cpython-310.pyc
[1.639s] running install_data
[1.640s] creating /home/rokey/Desktop/example_project_ws/src/install/example_project/share/ament_index
[1.640s] creating /home/rokey/Desktop/example_project_ws/src/install/example_project/share/ament_index/resource_index
[1.640s] creating /home/rokey/Desktop/example_project_ws/src/install/example_project/share/ament_index/resource_index/packages
[1.640s] copying resource/example_project -> /home/rokey/Desktop/example_project_ws/src/install/example_project/share/ament_index/resource_index/packages
[1.640s] copying package.xml -> /home/rokey/Desktop/example_project_ws/src/install/example_project/share/example_project
[1.640s] creating /home/rokey/Desktop/example_project_ws/src/install/example_project/share/example_project/launch
[1.640s] copying launch/example.launch.py -> /home/rokey/Desktop/example_project_ws/src/install/example_project/share/example_project/launch
[1.640s] running install_egg_info
[1.643s] Copying ../build/example_project/example_project.egg-info to /home/rokey/Desktop/example_project_ws/src/install/example_project/lib/python3.10/site-packages/example_project-0.0.1-py3.10.egg-info
[1.643s] running install_scripts
[1.673s] Installing customer_v4 script to /home/rokey/Desktop/example_project_ws/src/install/example_project/lib/example_project
[1.674s] Installing kitchen_v4 script to /home/rokey/Desktop/example_project_ws/src/install/example_project/lib/example_project
[1.674s] writing list of installed files to '/home/rokey/Desktop/example_project_ws/src/build/example_project/install.log'
[1.734s] Invoked command in '/home/rokey/Desktop/example_project_ws/src/example_project' returned '0': PYTHONPATH=/home/rokey/Desktop/example_project_ws/src/build/example_project/prefix_override:/usr/lib/python3/dist-packages/colcon_core/task/python/colcon_distutils_commands:/home/rokey/Desktop/example_project_ws/src/install/example_project/lib/python3.10/site-packages:${PYTHONPATH} /usr/bin/python3 -W ignore:setup.py install is deprecated -W ignore:easy_install command is deprecated setup.py egg_info --egg-base ../build/example_project build --build-base /home/rokey/Desktop/example_project_ws/src/build/example_project/build install --record /home/rokey/Desktop/example_project_ws/src/build/example_project/install.log --single-version-externally-managed install_data
