[1.256s] Invoking command in '/home/rokey/Desktop/example_project_ws/src/move_robot': PYTHONPATH=/home/rokey/Desktop/example_project_ws/src/build/move_robot/prefix_override:/usr/lib/python3/dist-packages/colcon_core/task/python/colcon_distutils_commands:/home/rokey/Desktop/example_project_ws/src/install/move_robot/lib/python3.10/site-packages:${PYTHONPATH} /usr/bin/python3 -W ignore:setup.py install is deprecated -W ignore:easy_install command is deprecated setup.py egg_info --egg-base ../build/move_robot build --build-base /home/rokey/Desktop/example_project_ws/src/build/move_robot/build install --record /home/rokey/Desktop/example_project_ws/src/build/move_robot/install.log --single-version-externally-managed install_data
[1.591s] running egg_info
[1.593s] creating ../build/move_robot/move_robot.egg-info
[1.593s] writing ../build/move_robot/move_robot.egg-info/PKG-INFO
[1.594s] writing dependency_links to ../build/move_robot/move_robot.egg-info/dependency_links.txt
[1.594s] writing entry points to ../build/move_robot/move_robot.egg-info/entry_points.txt
[1.594s] writing requirements to ../build/move_robot/move_robot.egg-info/requires.txt
[1.594s] writing top-level names to ../build/move_robot/move_robot.egg-info/top_level.txt
[1.594s] writing manifest file '../build/move_robot/move_robot.egg-info/SOURCES.txt'
[1.595s] reading manifest file '../build/move_robot/move_robot.egg-info/SOURCES.txt'
[1.596s] writing manifest file '../build/move_robot/move_robot.egg-info/SOURCES.txt'
[1.596s] running build
[1.596s] running build_py
[1.597s] creating /home/rokey/Desktop/example_project_ws/src/build/move_robot/build
[1.597s] creating /home/rokey/Desktop/example_project_ws/src/build/move_robot/build/lib
[1.597s] creating /home/rokey/Desktop/example_project_ws/src/build/move_robot/build/lib/move_robot
[1.598s] copying move_robot/__init__.py -> /home/rokey/Desktop/example_project_ws/src/build/move_robot/build/lib/move_robot
[1.598s] running install
[1.598s] running install_lib
[1.599s] creating /home/rokey/Desktop/example_project_ws/src/install/move_robot/lib/python3.10/site-packages/move_robot
[1.599s] copying /home/rokey/Desktop/example_project_ws/src/build/move_robot/build/lib/move_robot/__init__.py -> /home/rokey/Desktop/example_project_ws/src/install/move_robot/lib/python3.10/site-packages/move_robot
[1.600s] byte-compiling /home/rokey/Desktop/example_project_ws/src/install/move_robot/lib/python3.10/site-packages/move_robot/__init__.py to __init__.cpython-310.pyc
[1.600s] running install_data
[1.600s] creating /home/rokey/Desktop/example_project_ws/src/install/move_robot/share/ament_index
[1.600s] creating /home/rokey/Desktop/example_project_ws/src/install/move_robot/share/ament_index/resource_index
[1.600s] creating /home/rokey/Desktop/example_project_ws/src/install/move_robot/share/ament_index/resource_index/packages
[1.600s] copying resource/move_robot -> /home/rokey/Desktop/example_project_ws/src/install/move_robot/share/ament_index/resource_index/packages
[1.601s] copying package.xml -> /home/rokey/Desktop/example_project_ws/src/install/move_robot/share/move_robot
[1.601s] running install_egg_info
[1.601s] Copying ../build/move_robot/move_robot.egg-info to /home/rokey/Desktop/example_project_ws/src/install/move_robot/lib/python3.10/site-packages/move_robot-0.0.0-py3.10.egg-info
[1.602s] running install_scripts
[1.629s] writing list of installed files to '/home/rokey/Desktop/example_project_ws/src/build/move_robot/install.log'
[1.678s] Invoked command in '/home/rokey/Desktop/example_project_ws/src/move_robot' returned '0': PYTHONPATH=/home/rokey/Desktop/example_project_ws/src/build/move_robot/prefix_override:/usr/lib/python3/dist-packages/colcon_core/task/python/colcon_distutils_commands:/home/rokey/Desktop/example_project_ws/src/install/move_robot/lib/python3.10/site-packages:${PYTHONPATH} /usr/bin/python3 -W ignore:setup.py install is deprecated -W ignore:easy_install command is deprecated setup.py egg_info --egg-base ../build/move_robot build --build-base /home/rokey/Desktop/example_project_ws/src/build/move_robot/build install --record /home/rokey/Desktop/example_project_ws/src/build/move_robot/install.log --single-version-externally-managed install_data
