[0.551s] Invoking command in '/home/rokey/Desktop/example_project_ws/src/example_project': PYTHONPATH=/home/rokey/Desktop/example_project_ws/src/build/example_project/prefix_override:/usr/lib/python3/dist-packages/colcon_core/task/python/colcon_distutils_commands:/home/rokey/Desktop/example_project_ws/src/install/example_project/lib/python3.10/site-packages:${PYTHONPATH} /usr/bin/python3 -W ignore:setup.py install is deprecated -W ignore:easy_install command is deprecated setup.py egg_info --egg-base ../build/example_project build --build-base /home/rokey/Desktop/example_project_ws/src/build/example_project/build install --record /home/rokey/Desktop/example_project_ws/src/build/example_project/install.log --single-version-externally-managed install_data
[0.703s] running egg_info
[0.703s] writing ../build/example_project/example_project.egg-info/PKG-INFO
[0.704s] writing dependency_links to ../build/example_project/example_project.egg-info/dependency_links.txt
[0.704s] writing entry points to ../build/example_project/example_project.egg-info/entry_points.txt
[0.704s] writing requirements to ../build/example_project/example_project.egg-info/requires.txt
[0.704s] writing top-level names to ../build/example_project/example_project.egg-info/top_level.txt
[0.705s] reading manifest file '../build/example_project/example_project.egg-info/SOURCES.txt'
[0.706s] writing manifest file '../build/example_project/example_project.egg-info/SOURCES.txt'
[0.706s] running build
[0.706s] running build_py
[0.706s] copying example_project/kitchen_v4.py -> /home/rokey/Desktop/example_project_ws/src/build/example_project/build/lib/example_project
[0.706s] running install
[0.707s] running install_lib
[0.707s] copying /home/rokey/Desktop/example_project_ws/src/build/example_project/build/lib/example_project/kitchen_v4.py -> /home/rokey/Desktop/example_project_ws/src/install/example_project/lib/python3.10/site-packages/example_project
[0.707s] byte-compiling /home/rokey/Desktop/example_project_ws/src/install/example_project/lib/python3.10/site-packages/example_project/kitchen_v4.py to kitchen_v4.cpython-310.pyc
[0.709s] running install_data
[0.709s] running install_egg_info
[0.710s] removing '/home/rokey/Desktop/example_project_ws/src/install/example_project/lib/python3.10/site-packages/example_project-0.0.1-py3.10.egg-info' (and everything under it)
[0.710s] Copying ../build/example_project/example_project.egg-info to /home/rokey/Desktop/example_project_ws/src/install/example_project/lib/python3.10/site-packages/example_project-0.0.1-py3.10.egg-info
[0.711s] running install_scripts
[0.724s] Installing customer_v4 script to /home/rokey/Desktop/example_project_ws/src/install/example_project/lib/example_project
[0.724s] Installing kitchen_v4 script to /home/rokey/Desktop/example_project_ws/src/install/example_project/lib/example_project
[0.725s] writing list of installed files to '/home/rokey/Desktop/example_project_ws/src/build/example_project/install.log'
[0.740s] Invoked command in '/home/rokey/Desktop/example_project_ws/src/example_project' returned '0': PYTHONPATH=/home/rokey/Desktop/example_project_ws/src/build/example_project/prefix_override:/usr/lib/python3/dist-packages/colcon_core/task/python/colcon_distutils_commands:/home/rokey/Desktop/example_project_ws/src/install/example_project/lib/python3.10/site-packages:${PYTHONPATH} /usr/bin/python3 -W ignore:setup.py install is deprecated -W ignore:easy_install command is deprecated setup.py egg_info --egg-base ../build/example_project build --build-base /home/rokey/Desktop/example_project_ws/src/build/example_project/build install --record /home/rokey/Desktop/example_project_ws/src/build/example_project/install.log --single-version-externally-managed install_data
