[0.551s] Invoking command in '/home/rokey/Desktop/example_project_ws/src/move_robot': PYTHONPATH=/home/rokey/Desktop/example_project_ws/src/build/move_robot/prefix_override:/usr/lib/python3/dist-packages/colcon_core/task/python/colcon_distutils_commands:/home/rokey/Desktop/example_project_ws/src/install/move_robot/lib/python3.10/site-packages:${PYTHONPATH} /usr/bin/python3 -W ignore:setup.py install is deprecated -W ignore:easy_install command is deprecated setup.py egg_info --egg-base ../build/move_robot build --build-base /home/rokey/Desktop/example_project_ws/src/build/move_robot/build install --record /home/rokey/Desktop/example_project_ws/src/build/move_robot/install.log --single-version-externally-managed install_data
[0.695s] running egg_info
[0.695s] writing ../build/move_robot/move_robot.egg-info/PKG-INFO
[0.695s] writing dependency_links to ../build/move_robot/move_robot.egg-info/dependency_links.txt
[0.695s] writing entry points to ../build/move_robot/move_robot.egg-info/entry_points.txt
[0.695s] writing requirements to ../build/move_robot/move_robot.egg-info/requires.txt
[0.695s] writing top-level names to ../build/move_robot/move_robot.egg-info/top_level.txt
[0.696s] reading manifest file '../build/move_robot/move_robot.egg-info/SOURCES.txt'
[0.697s] writing manifest file '../build/move_robot/move_robot.egg-info/SOURCES.txt'
[0.698s] running build
[0.698s] running build_py
[0.698s] running install
[0.698s] running install_lib
[0.698s] running install_data
[0.698s] running install_egg_info
[0.700s] removing '/home/rokey/Desktop/example_project_ws/src/install/move_robot/lib/python3.10/site-packages/move_robot-0.0.0-py3.10.egg-info' (and everything under it)
[0.700s] Copying ../build/move_robot/move_robot.egg-info to /home/rokey/Desktop/example_project_ws/src/install/move_robot/lib/python3.10/site-packages/move_robot-0.0.0-py3.10.egg-info
[0.700s] running install_scripts
[0.712s] writing list of installed files to '/home/rokey/Desktop/example_project_ws/src/build/move_robot/install.log'
[0.735s] Invoked command in '/home/rokey/Desktop/example_project_ws/src/move_robot' returned '0': PYTHONPATH=/home/rokey/Desktop/example_project_ws/src/build/move_robot/prefix_override:/usr/lib/python3/dist-packages/colcon_core/task/python/colcon_distutils_commands:/home/rokey/Desktop/example_project_ws/src/install/move_robot/lib/python3.10/site-packages:${PYTHONPATH} /usr/bin/python3 -W ignore:setup.py install is deprecated -W ignore:easy_install command is deprecated setup.py egg_info --egg-base ../build/move_robot build --build-base /home/rokey/Desktop/example_project_ws/src/build/move_robot/build install --record /home/rokey/Desktop/example_project_ws/src/build/move_robot/install.log --single-version-externally-managed install_data
