running egg_info
creating ../../build/move_robot/move_robot.egg-info
writing ../../build/move_robot/move_robot.egg-info/PKG-INFO
writing dependency_links to ../../build/move_robot/move_robot.egg-info/dependency_links.txt
writing entry points to ../../build/move_robot/move_robot.egg-info/entry_points.txt
writing requirements to ../../build/move_robot/move_robot.egg-info/requires.txt
writing top-level names to ../../build/move_robot/move_robot.egg-info/top_level.txt
writing manifest file '../../build/move_robot/move_robot.egg-info/SOURCES.txt'
reading manifest file '../../build/move_robot/move_robot.egg-info/SOURCES.txt'
writing manifest file '../../build/move_robot/move_robot.egg-info/SOURCES.txt'
running build
running build_py
creating /home/supreme/example_project_ws/build/move_robot/build
creating /home/supreme/example_project_ws/build/move_robot/build/lib
creating /home/supreme/example_project_ws/build/move_robot/build/lib/move_robot
copying move_robot/__init__.py -> /home/supreme/example_project_ws/build/move_robot/build/lib/move_robot
running install
running install_lib
creating /home/supreme/example_project_ws/install/move_robot/lib/python3.10/site-packages/move_robot
copying /home/supreme/example_project_ws/build/move_robot/build/lib/move_robot/__init__.py -> /home/supreme/example_project_ws/install/move_robot/lib/python3.10/site-packages/move_robot
byte-compiling /home/supreme/example_project_ws/install/move_robot/lib/python3.10/site-packages/move_robot/__init__.py to __init__.cpython-310.pyc
running install_data
creating /home/supreme/example_project_ws/install/move_robot/share/ament_index
creating /home/supreme/example_project_ws/install/move_robot/share/ament_index/resource_index
creating /home/supreme/example_project_ws/install/move_robot/share/ament_index/resource_index/packages
copying resource/move_robot -> /home/supreme/example_project_ws/install/move_robot/share/ament_index/resource_index/packages
copying package.xml -> /home/supreme/example_project_ws/install/move_robot/share/move_robot
creating /home/supreme/example_project_ws/install/move_robot/share/move_robot/launch
copying launch/cafe.launch.py -> /home/supreme/example_project_ws/install/move_robot/share/move_robot/launch
running install_egg_info
Copying ../../build/move_robot/move_robot.egg-info to /home/supreme/example_project_ws/install/move_robot/lib/python3.10/site-packages/move_robot-0.0.0-py3.10.egg-info
running install_scripts
writing list of installed files to '/home/supreme/example_project_ws/build/move_robot/install.log'
