[0.927s] Invoking command in '/home/supreme/example_project_ws/src/move_robot': PYTHONPATH=/home/supreme/example_project_ws/build/move_robot/prefix_override:/usr/lib/python3/dist-packages/colcon_core/task/python/colcon_distutils_commands:/home/supreme/example_project_ws/install/move_robot/lib/python3.10/site-packages:${PYTHONPATH} /usr/bin/python3 -W ignore:setup.py install is deprecated -W ignore:easy_install command is deprecated setup.py egg_info --egg-base ../../build/move_robot build --build-base /home/supreme/example_project_ws/build/move_robot/build install --record /home/supreme/example_project_ws/build/move_robot/install.log --single-version-externally-managed install_data
[1.194s] running egg_info
[1.195s] creating ../../build/move_robot/move_robot.egg-info
[1.195s] writing ../../build/move_robot/move_robot.egg-info/PKG-INFO
[1.195s] writing dependency_links to ../../build/move_robot/move_robot.egg-info/dependency_links.txt
[1.195s] writing entry points to ../../build/move_robot/move_robot.egg-info/entry_points.txt
[1.196s] writing requirements to ../../build/move_robot/move_robot.egg-info/requires.txt
[1.196s] writing top-level names to ../../build/move_robot/move_robot.egg-info/top_level.txt
[1.196s] writing manifest file '../../build/move_robot/move_robot.egg-info/SOURCES.txt'
[1.198s] reading manifest file '../../build/move_robot/move_robot.egg-info/SOURCES.txt'
[1.199s] writing manifest file '../../build/move_robot/move_robot.egg-info/SOURCES.txt'
[1.199s] running build
[1.199s] running build_py
[1.199s] creating /home/supreme/example_project_ws/build/move_robot/build
[1.199s] creating /home/supreme/example_project_ws/build/move_robot/build/lib
[1.199s] creating /home/supreme/example_project_ws/build/move_robot/build/lib/move_robot
[1.199s] copying move_robot/__init__.py -> /home/supreme/example_project_ws/build/move_robot/build/lib/move_robot
[1.199s] running install
[1.199s] running install_lib
[1.200s] creating /home/supreme/example_project_ws/install/move_robot/lib/python3.10/site-packages/move_robot
[1.200s] copying /home/supreme/example_project_ws/build/move_robot/build/lib/move_robot/__init__.py -> /home/supreme/example_project_ws/install/move_robot/lib/python3.10/site-packages/move_robot
[1.201s] byte-compiling /home/supreme/example_project_ws/install/move_robot/lib/python3.10/site-packages/move_robot/__init__.py to __init__.cpython-310.pyc
[1.201s] running install_data
[1.201s] creating /home/supreme/example_project_ws/install/move_robot/share/ament_index
[1.201s] creating /home/supreme/example_project_ws/install/move_robot/share/ament_index/resource_index
[1.201s] creating /home/supreme/example_project_ws/install/move_robot/share/ament_index/resource_index/packages
[1.201s] copying resource/move_robot -> /home/supreme/example_project_ws/install/move_robot/share/ament_index/resource_index/packages
[1.201s] copying package.xml -> /home/supreme/example_project_ws/install/move_robot/share/move_robot
[1.201s] creating /home/supreme/example_project_ws/install/move_robot/share/move_robot/launch
[1.202s] copying launch/cafe.launch.py -> /home/supreme/example_project_ws/install/move_robot/share/move_robot/launch
[1.202s] running install_egg_info
[1.203s] Copying ../../build/move_robot/move_robot.egg-info to /home/supreme/example_project_ws/install/move_robot/lib/python3.10/site-packages/move_robot-0.0.0-py3.10.egg-info
[1.204s] running install_scripts
[1.227s] writing list of installed files to '/home/supreme/example_project_ws/build/move_robot/install.log'
[1.257s] Invoked command in '/home/supreme/example_project_ws/src/move_robot' returned '0': PYTHONPATH=/home/supreme/example_project_ws/build/move_robot/prefix_override:/usr/lib/python3/dist-packages/colcon_core/task/python/colcon_distutils_commands:/home/supreme/example_project_ws/install/move_robot/lib/python3.10/site-packages:${PYTHONPATH} /usr/bin/python3 -W ignore:setup.py install is deprecated -W ignore:easy_install command is deprecated setup.py egg_info --egg-base ../../build/move_robot build --build-base /home/supreme/example_project_ws/build/move_robot/build install --record /home/supreme/example_project_ws/build/move_robot/install.log --single-version-externally-managed install_data
