/home/rokey/Desktop/example_project_ws/src/install/example_project/lib/python3.10/site-packages/example_project/kitchen_v4.py
/home/rokey/Desktop/example_project_ws/src/install/example_project/lib/python3.10/site-packages/example_project/db_utils.py
/home/rokey/Desktop/example_project_ws/src/install/example_project/lib/python3.10/site-packages/example_project/__init__.py
/home/rokey/Desktop/example_project_ws/src/install/example_project/lib/python3.10/site-packages/example_project/customer_v4.py
/home/rokey/Desktop/example_project_ws/src/install/example_project/lib/python3.10/site-packages/example_project/__pycache__/kitchen_v4.cpython-310.pyc
/home/rokey/Desktop/example_project_ws/src/install/example_project/lib/python3.10/site-packages/example_project/__pycache__/db_utils.cpython-310.pyc
/home/rokey/Desktop/example_project_ws/src/install/example_project/lib/python3.10/site-packages/example_project/__pycache__/__init__.cpython-310.pyc
/home/rokey/Desktop/example_project_ws/src/install/example_project/lib/python3.10/site-packages/example_project/__pycache__/customer_v4.cpython-310.pyc
/home/rokey/Desktop/example_project_ws/src/install/example_project/share/ament_index/resource_index/packages/example_project
/home/rokey/Desktop/example_project_ws/src/install/example_project/share/example_project/package.xml
/home/rokey/Desktop/example_project_ws/src/install/example_project/share/example_project/launch/example.launch.py
/home/rokey/Desktop/example_project_ws/src/install/example_project/share/example_project/images/kenya.jpg
/home/rokey/Desktop/example_project_ws/src/install/example_project/share/example_project/images/costarica.jpg
/home/rokey/Desktop/example_project_ws/src/install/example_project/share/example_project/images/colombia.jpg
/home/rokey/Desktop/example_project_ws/src/install/example_project/share/example_project/images/guatemala.jpg
/home/rokey/Desktop/example_project_ws/src/install/example_project/lib/python3.10/site-packages/example_project-0.0.1-py3.10.egg-info/requires.txt
/home/rokey/Desktop/example_project_ws/src/install/example_project/lib/python3.10/site-packages/example_project-0.0.1-py3.10.egg-info/PKG-INFO
/home/rokey/Desktop/example_project_ws/src/install/example_project/lib/python3.10/site-packages/example_project-0.0.1-py3.10.egg-info/top_level.txt
/home/rokey/Desktop/example_project_ws/src/install/example_project/lib/python3.10/site-packages/example_project-0.0.1-py3.10.egg-info/zip-safe
/home/rokey/Desktop/example_project_ws/src/install/example_project/lib/python3.10/site-packages/example_project-0.0.1-py3.10.egg-info/entry_points.txt
/home/rokey/Desktop/example_project_ws/src/install/example_project/lib/python3.10/site-packages/example_project-0.0.1-py3.10.egg-info/SOURCES.txt
/home/rokey/Desktop/example_project_ws/src/install/example_project/lib/python3.10/site-packages/example_project-0.0.1-py3.10.egg-info/dependency_links.txt
/home/rokey/Desktop/example_project_ws/src/install/example_project/lib/example_project/customer_v4
/home/rokey/Desktop/example_project_ws/src/install/example_project/lib/example_project/kitchen_v4
