[0.075s] DEBUG:colcon:Command line arguments: ['/usr/bin/colcon', 'build']
[0.076s] DEBUG:colcon:Parsed command line arguments: Namespace(log_base=None, log_level=None, verb_name='build', build_base='build', install_base='install', merge_install=False, symlink_install=False, test_result_base=None, continue_on_error=False, executor='parallel', parallel_workers=22, event_handlers=None, ignore_user_meta=False, metas=['./colcon.meta'], base_paths=['.'], packages_ignore=None, packages_ignore_regex=None, paths=None, packages_up_to=None, packages_up_to_regex=None, packages_above=None, packages_above_and_dependencies=None, packages_above_depth=None, packages_select_by_dep=None, packages_skip_by_dep=None, packages_skip_up_to=None, packages_select_build_failed=False, packages_skip_build_finished=False, packages_select_test_failures=False, packages_skip_test_passed=False, packages_select=None, packages_skip=None, packages_select_regex=None, packages_skip_regex=None, packages_start=None, packages_end=None, allow_overriding=[], cmake_args=None, cmake_target=None, cmake_target_skip_unavailable=False, cmake_clean_cache=False, cmake_clean_first=False, cmake_force_configure=False, ament_cmake_args=None, catkin_cmake_args=None, catkin_skip_building_tests=False, verb_parser=<colcon_defaults.argument_parser.defaults.DefaultArgumentsDecorator object at 0x78e8e62bef50>, verb_extension=<colcon_core.verb.build.BuildVerb object at 0x78e8e62bea40>, main=<bound method BuildVerb.main of <colcon_core.verb.build.BuildVerb object at 0x78e8e62bea40>>)
[0.191s] Level 1:colcon.colcon_core.package_discovery:discover_packages(colcon_meta) check parameters
[0.191s] Level 1:colcon.colcon_core.package_discovery:discover_packages(recursive) check parameters
[0.191s] Level 1:colcon.colcon_core.package_discovery:discover_packages(ignore) check parameters
[0.191s] Level 1:colcon.colcon_core.package_discovery:discover_packages(path) check parameters
[0.191s] Level 1:colcon.colcon_core.package_discovery:discover_packages(colcon_meta) discover
[0.191s] Level 1:colcon.colcon_core.package_discovery:discover_packages(recursive) discover
[0.191s] INFO:colcon.colcon_core.package_discovery:Crawling recursively for packages in '/home/rokey/Desktop/example_project_ws/src'
[0.191s] Level 1:colcon.colcon_core.package_identification:_identify(.) by extensions ['ignore', 'ignore_ament_install']
[0.191s] Level 1:colcon.colcon_core.package_identification:_identify(.) by extension 'ignore'
[0.191s] Level 1:colcon.colcon_core.package_identification:_identify(.) by extension 'ignore_ament_install'
[0.191s] Level 1:colcon.colcon_core.package_identification:_identify(.) by extensions ['colcon_pkg']
[0.191s] Level 1:colcon.colcon_core.package_identification:_identify(.) by extension 'colcon_pkg'
[0.191s] Level 1:colcon.colcon_core.package_identification:_identify(.) by extensions ['colcon_meta']
[0.191s] Level 1:colcon.colcon_core.package_identification:_identify(.) by extension 'colcon_meta'
[0.191s] Level 1:colcon.colcon_core.package_identification:_identify(.) by extensions ['ros']
[0.191s] Level 1:colcon.colcon_core.package_identification:_identify(.) by extension 'ros'
[0.198s] Level 1:colcon.colcon_core.package_identification:_identify(.) by extensions ['cmake', 'python']
[0.198s] Level 1:colcon.colcon_core.package_identification:_identify(.) by extension 'cmake'
[0.198s] Level 1:colcon.colcon_core.package_identification:_identify(.) by extension 'python'
[0.198s] Level 1:colcon.colcon_core.package_identification:_identify(.) by extensions ['python_setup_py']
[0.198s] Level 1:colcon.colcon_core.package_identification:_identify(.) by extension 'python_setup_py'
[0.198s] Level 1:colcon.colcon_core.package_identification:_identify(build) by extensions ['ignore', 'ignore_ament_install']
[0.198s] Level 1:colcon.colcon_core.package_identification:_identify(build) by extension 'ignore'
[0.198s] Level 1:colcon.colcon_core.package_identification:_identify(build) ignored
[0.198s] Level 1:colcon.colcon_core.package_identification:_identify(example_project) by extensions ['ignore', 'ignore_ament_install']
[0.198s] Level 1:colcon.colcon_core.package_identification:_identify(example_project) by extension 'ignore'
[0.198s] Level 1:colcon.colcon_core.package_identification:_identify(example_project) by extension 'ignore_ament_install'
[0.198s] Level 1:colcon.colcon_core.package_identification:_identify(example_project) by extensions ['colcon_pkg']
[0.198s] Level 1:colcon.colcon_core.package_identification:_identify(example_project) by extension 'colcon_pkg'
[0.198s] Level 1:colcon.colcon_core.package_identification:_identify(example_project) by extensions ['colcon_meta']
[0.198s] Level 1:colcon.colcon_core.package_identification:_identify(example_project) by extension 'colcon_meta'
[0.198s] Level 1:colcon.colcon_core.package_identification:_identify(example_project) by extensions ['ros']
[0.198s] Level 1:colcon.colcon_core.package_identification:_identify(example_project) by extension 'ros'
[0.199s] DEBUG:colcon.colcon_core.package_identification:Package 'example_project' with type 'ros.ament_python' and name 'example_project'
[0.199s] Level 1:colcon.colcon_core.package_identification:_identify(install) by extensions ['ignore', 'ignore_ament_install']
[0.199s] Level 1:colcon.colcon_core.package_identification:_identify(install) by extension 'ignore'
[0.200s] Level 1:colcon.colcon_core.package_identification:_identify(install) ignored
[0.200s] Level 1:colcon.colcon_core.package_identification:_identify(log) by extensions ['ignore', 'ignore_ament_install']
[0.200s] Level 1:colcon.colcon_core.package_identification:_identify(log) by extension 'ignore'
[0.200s] Level 1:colcon.colcon_core.package_identification:_identify(log) ignored
[0.200s] Level 1:colcon.colcon_core.package_identification:_identify(move_robot) by extensions ['ignore', 'ignore_ament_install']
[0.200s] Level 1:colcon.colcon_core.package_identification:_identify(move_robot) by extension 'ignore'
[0.200s] Level 1:colcon.colcon_core.package_identification:_identify(move_robot) by extension 'ignore_ament_install'
[0.200s] Level 1:colcon.colcon_core.package_identification:_identify(move_robot) by extensions ['colcon_pkg']
[0.200s] Level 1:colcon.colcon_core.package_identification:_identify(move_robot) by extension 'colcon_pkg'
[0.200s] Level 1:colcon.colcon_core.package_identification:_identify(move_robot) by extensions ['colcon_meta']
[0.200s] Level 1:colcon.colcon_core.package_identification:_identify(move_robot) by extension 'colcon_meta'
[0.200s] Level 1:colcon.colcon_core.package_identification:_identify(move_robot) by extensions ['ros']
[0.200s] Level 1:colcon.colcon_core.package_identification:_identify(move_robot) by extension 'ros'
[0.200s] DEBUG:colcon.colcon_core.package_identification:Package 'move_robot' with type 'ros.ament_python' and name 'move_robot'
[0.200s] Level 1:colcon.colcon_core.package_discovery:discover_packages(recursive) using defaults
[0.200s] Level 1:colcon.colcon_core.package_discovery:discover_packages(ignore) discover
[0.200s] Level 1:colcon.colcon_core.package_discovery:discover_packages(ignore) using defaults
[0.200s] Level 1:colcon.colcon_core.package_discovery:discover_packages(path) discover
[0.200s] Level 1:colcon.colcon_core.package_discovery:discover_packages(path) using defaults
[0.211s] Level 1:colcon.colcon_core.package_discovery:discover_packages(prefix_path) check parameters
[0.211s] Level 1:colcon.colcon_core.package_discovery:discover_packages(prefix_path) discover
[0.212s] DEBUG:colcon.colcon_installed_package_information.package_discovery:Found 3 installed packages in /home/rokey/Desktop/example_project_ws/src/install
[0.213s] DEBUG:colcon.colcon_installed_package_information.package_discovery:Found 16 installed packages in /home/rokey/turtlebot3_ws/install
[0.214s] DEBUG:colcon.colcon_installed_package_information.package_discovery:Found 450 installed packages in /opt/ros/humble
[0.215s] Level 1:colcon.colcon_core.package_discovery:discover_packages(prefix_path) using defaults
[0.241s] Level 5:colcon.colcon_core.verb:set package 'example_project' build argument 'cmake_args' from command line to 'None'
[0.241s] Level 5:colcon.colcon_core.verb:set package 'example_project' build argument 'cmake_target' from command line to 'None'
[0.241s] Level 5:colcon.colcon_core.verb:set package 'example_project' build argument 'cmake_target_skip_unavailable' from command line to 'False'
[0.241s] Level 5:colcon.colcon_core.verb:set package 'example_project' build argument 'cmake_clean_cache' from command line to 'False'
[0.241s] Level 5:colcon.colcon_core.verb:set package 'example_project' build argument 'cmake_clean_first' from command line to 'False'
[0.241s] Level 5:colcon.colcon_core.verb:set package 'example_project' build argument 'cmake_force_configure' from command line to 'False'
[0.242s] Level 5:colcon.colcon_core.verb:set package 'example_project' build argument 'ament_cmake_args' from command line to 'None'
[0.242s] Level 5:colcon.colcon_core.verb:set package 'example_project' build argument 'catkin_cmake_args' from command line to 'None'
[0.242s] Level 5:colcon.colcon_core.verb:set package 'example_project' build argument 'catkin_skip_building_tests' from command line to 'False'
[0.242s] DEBUG:colcon.colcon_core.verb:Building package 'example_project' with the following arguments: {'ament_cmake_args': None, 'build_base': '/home/rokey/Desktop/example_project_ws/src/build/example_project', 'catkin_cmake_args': None, 'catkin_skip_building_tests': False, 'cmake_args': None, 'cmake_clean_cache': False, 'cmake_clean_first': False, 'cmake_force_configure': False, 'cmake_target': None, 'cmake_target_skip_unavailable': False, 'install_base': '/home/rokey/Desktop/example_project_ws/src/install/example_project', 'merge_install': False, 'path': '/home/rokey/Desktop/example_project_ws/src/example_project', 'symlink_install': False, 'test_result_base': None}
[0.242s] Level 5:colcon.colcon_core.verb:set package 'move_robot' build argument 'cmake_args' from command line to 'None'
[0.242s] Level 5:colcon.colcon_core.verb:set package 'move_robot' build argument 'cmake_target' from command line to 'None'
[0.242s] Level 5:colcon.colcon_core.verb:set package 'move_robot' build argument 'cmake_target_skip_unavailable' from command line to 'False'
[0.242s] Level 5:colcon.colcon_core.verb:set package 'move_robot' build argument 'cmake_clean_cache' from command line to 'False'
[0.242s] Level 5:colcon.colcon_core.verb:set package 'move_robot' build argument 'cmake_clean_first' from command line to 'False'
[0.242s] Level 5:colcon.colcon_core.verb:set package 'move_robot' build argument 'cmake_force_configure' from command line to 'False'
[0.242s] Level 5:colcon.colcon_core.verb:set package 'move_robot' build argument 'ament_cmake_args' from command line to 'None'
[0.242s] Level 5:colcon.colcon_core.verb:set package 'move_robot' build argument 'catkin_cmake_args' from command line to 'None'
[0.242s] Level 5:colcon.colcon_core.verb:set package 'move_robot' build argument 'catkin_skip_building_tests' from command line to 'False'
[0.242s] DEBUG:colcon.colcon_core.verb:Building package 'move_robot' with the following arguments: {'ament_cmake_args': None, 'build_base': '/home/rokey/Desktop/example_project_ws/src/build/move_robot', 'catkin_cmake_args': None, 'catkin_skip_building_tests': False, 'cmake_args': None, 'cmake_clean_cache': False, 'cmake_clean_first': False, 'cmake_force_configure': False, 'cmake_target': None, 'cmake_target_skip_unavailable': False, 'install_base': '/home/rokey/Desktop/example_project_ws/src/install/move_robot', 'merge_install': False, 'path': '/home/rokey/Desktop/example_project_ws/src/move_robot', 'symlink_install': False, 'test_result_base': None}
[0.242s] INFO:colcon.colcon_core.executor:Executing jobs using 'parallel' executor
[0.243s] DEBUG:colcon.colcon_parallel_executor.executor.parallel:run_until_complete
[0.243s] INFO:colcon.colcon_ros.task.ament_python.build:Building ROS package in '/home/rokey/Desktop/example_project_ws/src/example_project' with build type 'ament_python'
[0.243s] Level 1:colcon.colcon_core.shell:create_environment_hook('example_project', 'ament_prefix_path')
[0.244s] INFO:colcon.colcon_core.plugin_system:Skipping extension 'colcon_core.shell.bat': Not used on non-Windows systems
[0.244s] INFO:colcon.colcon_core.shell:Creating environment hook '/home/rokey/Desktop/example_project_ws/src/install/example_project/share/example_project/hook/ament_prefix_path.ps1'
[0.244s] INFO:colcon.colcon_core.shell:Creating environment descriptor '/home/rokey/Desktop/example_project_ws/src/install/example_project/share/example_project/hook/ament_prefix_path.dsv'
[0.245s] INFO:colcon.colcon_core.shell:Creating environment hook '/home/rokey/Desktop/example_project_ws/src/install/example_project/share/example_project/hook/ament_prefix_path.sh'
[0.245s] INFO:colcon.colcon_core.shell:Skip shell extension 'powershell' for command environment: Not usable outside of PowerShell
[0.245s] DEBUG:colcon.colcon_core.shell:Skip shell extension 'dsv' for command environment
[0.248s] INFO:colcon.colcon_ros.task.ament_python.build:Building ROS package in '/home/rokey/Desktop/example_project_ws/src/move_robot' with build type 'ament_python'
[0.248s] Level 1:colcon.colcon_core.shell:create_environment_hook('move_robot', 'ament_prefix_path')
[0.248s] INFO:colcon.colcon_core.shell:Creating environment hook '/home/rokey/Desktop/example_project_ws/src/install/move_robot/share/move_robot/hook/ament_prefix_path.ps1'
[0.248s] INFO:colcon.colcon_core.shell:Creating environment descriptor '/home/rokey/Desktop/example_project_ws/src/install/move_robot/share/move_robot/hook/ament_prefix_path.dsv'
[0.248s] INFO:colcon.colcon_core.shell:Creating environment hook '/home/rokey/Desktop/example_project_ws/src/install/move_robot/share/move_robot/hook/ament_prefix_path.sh'
[0.249s] INFO:colcon.colcon_core.shell:Skip shell extension 'powershell' for command environment: Not usable outside of PowerShell
[0.249s] DEBUG:colcon.colcon_core.shell:Skip shell extension 'dsv' for command environment
[0.416s] INFO:colcon.colcon_core.task.python.build:Building Python package in '/home/rokey/Desktop/example_project_ws/src/example_project'
[0.416s] INFO:colcon.colcon_core.shell:Skip shell extension 'powershell' for command environment: Not usable outside of PowerShell
[0.416s] DEBUG:colcon.colcon_core.shell:Skip shell extension 'dsv' for command environment
[0.578s] INFO:colcon.colcon_core.task.python.build:Building Python package in '/home/rokey/Desktop/example_project_ws/src/move_robot'
[0.579s] INFO:colcon.colcon_core.shell:Skip shell extension 'powershell' for command environment: Not usable outside of PowerShell
[0.579s] DEBUG:colcon.colcon_core.shell:Skip shell extension 'dsv' for command environment
[0.797s] DEBUG:colcon.colcon_core.event_handler.log_command:Invoking command in '/home/rokey/Desktop/example_project_ws/src/move_robot': PYTHONPATH=/home/rokey/Desktop/example_project_ws/src/build/move_robot/prefix_override:/usr/lib/python3/dist-packages/colcon_core/task/python/colcon_distutils_commands:/home/rokey/Desktop/example_project_ws/src/install/move_robot/lib/python3.10/site-packages:${PYTHONPATH} /usr/bin/python3 -W ignore:setup.py install is deprecated -W ignore:easy_install command is deprecated setup.py egg_info --egg-base ../build/move_robot build --build-base /home/rokey/Desktop/example_project_ws/src/build/move_robot/build install --record /home/rokey/Desktop/example_project_ws/src/build/move_robot/install.log --single-version-externally-managed install_data
[0.800s] DEBUG:colcon.colcon_core.event_handler.log_command:Invoking command in '/home/rokey/Desktop/example_project_ws/src/example_project': PYTHONPATH=/home/rokey/Desktop/example_project_ws/src/build/example_project/prefix_override:/usr/lib/python3/dist-packages/colcon_core/task/python/colcon_distutils_commands:/home/rokey/Desktop/example_project_ws/src/install/example_project/lib/python3.10/site-packages:${PYTHONPATH} /usr/bin/python3 -W ignore:setup.py install is deprecated -W ignore:easy_install command is deprecated setup.py egg_info --egg-base ../build/example_project build --build-base /home/rokey/Desktop/example_project_ws/src/build/example_project/build install --record /home/rokey/Desktop/example_project_ws/src/build/example_project/install.log --single-version-externally-managed install_data
[0.979s] DEBUG:colcon.colcon_core.event_handler.log_command:Invoked command in '/home/rokey/Desktop/example_project_ws/src/move_robot' returned '0': PYTHONPATH=/home/rokey/Desktop/example_project_ws/src/build/move_robot/prefix_override:/usr/lib/python3/dist-packages/colcon_core/task/python/colcon_distutils_commands:/home/rokey/Desktop/example_project_ws/src/install/move_robot/lib/python3.10/site-packages:${PYTHONPATH} /usr/bin/python3 -W ignore:setup.py install is deprecated -W ignore:easy_install command is deprecated setup.py egg_info --egg-base ../build/move_robot build --build-base /home/rokey/Desktop/example_project_ws/src/build/move_robot/build install --record /home/rokey/Desktop/example_project_ws/src/build/move_robot/install.log --single-version-externally-managed install_data
[0.980s] Level 1:colcon.colcon_core.environment:checking '/home/rokey/Desktop/example_project_ws/src/install/move_robot' for CMake module files
[0.980s] Level 1:colcon.colcon_core.environment:checking '/home/rokey/Desktop/example_project_ws/src/install/move_robot' for CMake config files
[0.980s] Level 1:colcon.colcon_core.environment:checking '/home/rokey/Desktop/example_project_ws/src/install/move_robot/lib'
[0.981s] Level 1:colcon.colcon_core.environment:checking '/home/rokey/Desktop/example_project_ws/src/install/move_robot/bin'
[0.981s] Level 1:colcon.colcon_core.environment:checking '/home/rokey/Desktop/example_project_ws/src/install/move_robot/lib/pkgconfig/move_robot.pc'
[0.981s] Level 1:colcon.colcon_core.environment:checking '/home/rokey/Desktop/example_project_ws/src/install/move_robot/lib/python3.10/site-packages'
[0.981s] Level 1:colcon.colcon_core.shell:create_environment_hook('move_robot', 'pythonpath')
[0.981s] INFO:colcon.colcon_core.shell:Creating environment hook '/home/rokey/Desktop/example_project_ws/src/install/move_robot/share/move_robot/hook/pythonpath.ps1'
[0.981s] INFO:colcon.colcon_core.shell:Creating environment descriptor '/home/rokey/Desktop/example_project_ws/src/install/move_robot/share/move_robot/hook/pythonpath.dsv'
[0.981s] INFO:colcon.colcon_core.shell:Creating environment hook '/home/rokey/Desktop/example_project_ws/src/install/move_robot/share/move_robot/hook/pythonpath.sh'
[0.982s] Level 1:colcon.colcon_core.environment:checking '/home/rokey/Desktop/example_project_ws/src/install/move_robot/bin'
[0.982s] Level 1:colcon.colcon_core.environment:create_environment_scripts_only(move_robot)
[0.982s] INFO:colcon.colcon_core.shell:Creating package script '/home/rokey/Desktop/example_project_ws/src/install/move_robot/share/move_robot/package.ps1'
[0.982s] INFO:colcon.colcon_core.shell:Creating package descriptor '/home/rokey/Desktop/example_project_ws/src/install/move_robot/share/move_robot/package.dsv'
[0.983s] INFO:colcon.colcon_core.shell:Creating package script '/home/rokey/Desktop/example_project_ws/src/install/move_robot/share/move_robot/package.sh'
[0.983s] INFO:colcon.colcon_core.shell:Creating package script '/home/rokey/Desktop/example_project_ws/src/install/move_robot/share/move_robot/package.bash'
[0.983s] INFO:colcon.colcon_core.shell:Creating package script '/home/rokey/Desktop/example_project_ws/src/install/move_robot/share/move_robot/package.zsh'
[0.984s] Level 1:colcon.colcon_core.environment:create_file_with_runtime_dependencies(/home/rokey/Desktop/example_project_ws/src/install/move_robot/share/colcon-core/packages/move_robot)
[0.984s] Level 1:colcon.colcon_core.environment:checking '/home/rokey/Desktop/example_project_ws/src/install/example_project' for CMake module files
[0.984s] Level 1:colcon.colcon_core.environment:checking '/home/rokey/Desktop/example_project_ws/src/install/example_project' for CMake config files
[0.985s] DEBUG:colcon.colcon_core.event_handler.log_command:Invoked command in '/home/rokey/Desktop/example_project_ws/src/example_project' returned '0': PYTHONPATH=/home/rokey/Desktop/example_project_ws/src/build/example_project/prefix_override:/usr/lib/python3/dist-packages/colcon_core/task/python/colcon_distutils_commands:/home/rokey/Desktop/example_project_ws/src/install/example_project/lib/python3.10/site-packages:${PYTHONPATH} /usr/bin/python3 -W ignore:setup.py install is deprecated -W ignore:easy_install command is deprecated setup.py egg_info --egg-base ../build/example_project build --build-base /home/rokey/Desktop/example_project_ws/src/build/example_project/build install --record /home/rokey/Desktop/example_project_ws/src/build/example_project/install.log --single-version-externally-managed install_data
[0.985s] Level 1:colcon.colcon_core.environment:checking '/home/rokey/Desktop/example_project_ws/src/install/example_project/lib'
[0.985s] Level 1:colcon.colcon_core.environment:checking '/home/rokey/Desktop/example_project_ws/src/install/example_project/bin'
[0.985s] Level 1:colcon.colcon_core.environment:checking '/home/rokey/Desktop/example_project_ws/src/install/example_project/lib/pkgconfig/example_project.pc'
[0.985s] Level 1:colcon.colcon_core.environment:checking '/home/rokey/Desktop/example_project_ws/src/install/example_project/lib/python3.10/site-packages'
[0.985s] Level 1:colcon.colcon_core.shell:create_environment_hook('example_project', 'pythonpath')
[0.985s] INFO:colcon.colcon_core.shell:Creating environment hook '/home/rokey/Desktop/example_project_ws/src/install/example_project/share/example_project/hook/pythonpath.ps1'
[0.986s] INFO:colcon.colcon_core.shell:Creating environment descriptor '/home/rokey/Desktop/example_project_ws/src/install/example_project/share/example_project/hook/pythonpath.dsv'
[0.986s] INFO:colcon.colcon_core.shell:Creating environment hook '/home/rokey/Desktop/example_project_ws/src/install/example_project/share/example_project/hook/pythonpath.sh'
[0.986s] Level 1:colcon.colcon_core.environment:checking '/home/rokey/Desktop/example_project_ws/src/install/example_project/bin'
[0.986s] Level 1:colcon.colcon_core.environment:create_environment_scripts_only(example_project)
[0.986s] INFO:colcon.colcon_core.shell:Creating package script '/home/rokey/Desktop/example_project_ws/src/install/example_project/share/example_project/package.ps1'
[0.986s] INFO:colcon.colcon_core.shell:Creating package descriptor '/home/rokey/Desktop/example_project_ws/src/install/example_project/share/example_project/package.dsv'
[0.987s] INFO:colcon.colcon_core.shell:Creating package script '/home/rokey/Desktop/example_project_ws/src/install/example_project/share/example_project/package.sh'
[0.987s] INFO:colcon.colcon_core.shell:Creating package script '/home/rokey/Desktop/example_project_ws/src/install/example_project/share/example_project/package.bash'
[0.987s] INFO:colcon.colcon_core.shell:Creating package script '/home/rokey/Desktop/example_project_ws/src/install/example_project/share/example_project/package.zsh'
[0.987s] Level 1:colcon.colcon_core.environment:create_file_with_runtime_dependencies(/home/rokey/Desktop/example_project_ws/src/install/example_project/share/colcon-core/packages/example_project)
[0.987s] DEBUG:colcon.colcon_parallel_executor.executor.parallel:closing loop
[0.987s] DEBUG:colcon.colcon_parallel_executor.executor.parallel:loop closed
[0.987s] DEBUG:colcon.colcon_parallel_executor.executor.parallel:run_until_complete finished with '0'
[0.988s] DEBUG:colcon.colcon_core.event_reactor:joining thread
[0.991s] INFO:colcon.colcon_core.plugin_system:Skipping extension 'colcon_notification.desktop_notification.terminal_notifier': Not used on non-Darwin systems
[0.991s] INFO:colcon.colcon_core.plugin_system:Skipping extension 'colcon_notification.desktop_notification.win32': Not used on non-Windows systems
[0.991s] INFO:colcon.colcon_notification.desktop_notification:Sending desktop notification using 'notify2'
[0.998s] DEBUG:colcon.colcon_core.event_reactor:joined thread
[0.998s] INFO:colcon.colcon_core.shell:Creating prefix script '/home/rokey/Desktop/example_project_ws/src/install/local_setup.ps1'
[0.998s] INFO:colcon.colcon_core.shell:Creating prefix util module '/home/rokey/Desktop/example_project_ws/src/install/_local_setup_util_ps1.py'
[0.999s] INFO:colcon.colcon_core.shell:Creating prefix chain script '/home/rokey/Desktop/example_project_ws/src/install/setup.ps1'
[1.000s] INFO:colcon.colcon_core.shell:Creating prefix script '/home/rokey/Desktop/example_project_ws/src/install/local_setup.sh'
[1.000s] INFO:colcon.colcon_core.shell:Creating prefix util module '/home/rokey/Desktop/example_project_ws/src/install/_local_setup_util_sh.py'
[1.000s] INFO:colcon.colcon_core.shell:Creating prefix chain script '/home/rokey/Desktop/example_project_ws/src/install/setup.sh'
[1.001s] INFO:colcon.colcon_core.shell:Creating prefix script '/home/rokey/Desktop/example_project_ws/src/install/local_setup.bash'
[1.001s] INFO:colcon.colcon_core.shell:Creating prefix chain script '/home/rokey/Desktop/example_project_ws/src/install/setup.bash'
[1.002s] INFO:colcon.colcon_core.shell:Creating prefix script '/home/rokey/Desktop/example_project_ws/src/install/local_setup.zsh'
[1.002s] INFO:colcon.colcon_core.shell:Creating prefix chain script '/home/rokey/Desktop/example_project_ws/src/install/setup.zsh'
