[1.300s] Invoking command in '/home/rokey/Desktop/example_project_ws/src/example_project': PYTHONPATH=/home/rokey/Desktop/example_project_ws/src/build/example_project/prefix_override:/usr/lib/python3/dist-packages/colcon_core/task/python/colcon_distutils_commands:/home/rokey/Desktop/example_project_ws/src/install/example_project/lib/python3.10/site-packages:${PYTHONPATH} /usr/bin/python3 -W ignore:setup.py install is deprecated -W ignore:easy_install command is deprecated setup.py egg_info --egg-base ../build/example_project build --build-base /home/rokey/Desktop/example_project_ws/src/build/example_project/build install --record /home/rokey/Desktop/example_project_ws/src/build/example_project/install.log --single-version-externally-managed install_data
[1.639s] running egg_info
[1.639s] writing ../build/example_project/example_project.egg-info/PKG-INFO
[1.639s] writing dependency_links to ../build/example_project/example_project.egg-info/dependency_links.txt
[1.640s] writing entry points to ../build/example_project/example_project.egg-info/entry_points.txt
[1.641s] writing requirements to ../build/example_project/example_project.egg-info/requires.txt
[1.641s] writing top-level names to ../build/example_project/example_project.egg-info/top_level.txt
[1.642s] reading manifest file '../build/example_project/example_project.egg-info/SOURCES.txt'
[1.645s] writing manifest file '../build/example_project/example_project.egg-info/SOURCES.txt'
[1.645s] running build
[1.646s] running build_py
[1.646s] copying example_project/db_utils.py -> /home/rokey/Desktop/example_project_ws/src/build/example_project/build/lib/example_project
[1.646s] running install
[1.647s] running install_lib
[1.647s] copying /home/rokey/Desktop/example_project_ws/src/build/example_project/build/lib/example_project/db_utils.py -> /home/rokey/Desktop/example_project_ws/src/install/example_project/lib/python3.10/site-packages/example_project
[1.648s] byte-compiling /home/rokey/Desktop/example_project_ws/src/install/example_project/lib/python3.10/site-packages/example_project/db_utils.py to db_utils.cpython-310.pyc
[1.649s] running install_data
[1.649s] running install_egg_info
[1.651s] removing '/home/rokey/Desktop/example_project_ws/src/install/example_project/lib/python3.10/site-packages/example_project-0.0.1-py3.10.egg-info' (and everything under it)
[1.651s] Copying ../build/example_project/example_project.egg-info to /home/rokey/Desktop/example_project_ws/src/install/example_project/lib/python3.10/site-packages/example_project-0.0.1-py3.10.egg-info
[1.652s] running install_scripts
[1.680s] Installing customer_v4 script to /home/rokey/Desktop/example_project_ws/src/install/example_project/lib/example_project
[1.680s] Installing kitchen_v4 script to /home/rokey/Desktop/example_project_ws/src/install/example_project/lib/example_project
[1.680s] writing list of installed files to '/home/rokey/Desktop/example_project_ws/src/build/example_project/install.log'
[1.718s] Invoked command in '/home/rokey/Desktop/example_project_ws/src/example_project' returned '0': PYTHONPATH=/home/rokey/Desktop/example_project_ws/src/build/example_project/prefix_override:/usr/lib/python3/dist-packages/colcon_core/task/python/colcon_distutils_commands:/home/rokey/Desktop/example_project_ws/src/install/example_project/lib/python3.10/site-packages:${PYTHONPATH} /usr/bin/python3 -W ignore:setup.py install is deprecated -W ignore:easy_install command is deprecated setup.py egg_info --egg-base ../build/example_project build --build-base /home/rokey/Desktop/example_project_ws/src/build/example_project/build install --record /home/rokey/Desktop/example_project_ws/src/build/example_project/install.log --single-version-externally-managed install_data
