[1.141s] Invoking command in '/home/supreme/example_project_ws/src/move_robot': PYTHONPATH=/home/supreme/example_project_ws/src/build/move_robot/prefix_override:/usr/lib/python3/dist-packages/colcon_core/task/python/colcon_distutils_commands:/home/supreme/example_project_ws/src/install/move_robot/lib/python3.10/site-packages:${PYTHONPATH} /usr/bin/python3 -W ignore:setup.py install is deprecated -W ignore:easy_install command is deprecated setup.py egg_info --egg-base ../build/move_robot build --build-base /home/supreme/example_project_ws/src/build/move_robot/build install --record /home/supreme/example_project_ws/src/build/move_robot/install.log --single-version-externally-managed install_data
[1.462s] running egg_info
[1.463s] writing ../build/move_robot/move_robot.egg-info/PKG-INFO
[1.463s] writing dependency_links to ../build/move_robot/move_robot.egg-info/dependency_links.txt
[1.463s] writing entry points to ../build/move_robot/move_robot.egg-info/entry_points.txt
[1.464s] writing requirements to ../build/move_robot/move_robot.egg-info/requires.txt
[1.464s] writing top-level names to ../build/move_robot/move_robot.egg-info/top_level.txt
[1.466s] reading manifest file '../build/move_robot/move_robot.egg-info/SOURCES.txt'
[1.468s] writing manifest file '../build/move_robot/move_robot.egg-info/SOURCES.txt'
[1.468s] running build
[1.468s] running build_py
[1.468s] running install
[1.469s] running install_lib
[1.471s] running install_data
[1.471s] running install_egg_info
[1.474s] removing '/home/supreme/example_project_ws/src/install/move_robot/lib/python3.10/site-packages/move_robot-0.0.0-py3.10.egg-info' (and everything under it)
[1.474s] Copying ../build/move_robot/move_robot.egg-info to /home/supreme/example_project_ws/src/install/move_robot/lib/python3.10/site-packages/move_robot-0.0.0-py3.10.egg-info
[1.475s] running install_scripts
[1.509s] writing list of installed files to '/home/supreme/example_project_ws/src/build/move_robot/install.log'
[1.548s] Invoked command in '/home/supreme/example_project_ws/src/move_robot' returned '0': PYTHONPATH=/home/supreme/example_project_ws/src/build/move_robot/prefix_override:/usr/lib/python3/dist-packages/colcon_core/task/python/colcon_distutils_commands:/home/supreme/example_project_ws/src/install/move_robot/lib/python3.10/site-packages:${PYTHONPATH} /usr/bin/python3 -W ignore:setup.py install is deprecated -W ignore:easy_install command is deprecated setup.py egg_info --egg-base ../build/move_robot build --build-base /home/supreme/example_project_ws/src/build/move_robot/build install --record /home/supreme/example_project_ws/src/build/move_robot/install.log --single-version-externally-managed install_data
