[0.137s] DEBUG:colcon:Command line arguments: ['/usr/bin/colcon', 'build']
[0.137s] DEBUG:colcon:Parsed command line arguments: Namespace(log_base=None, log_level=None, verb_name='build', build_base='build', install_base='install', merge_install=False, symlink_install=False, test_result_base=None, continue_on_error=False, executor='parallel', parallel_workers=8, event_handlers=None, ignore_user_meta=False, metas=['./colcon.meta'], base_paths=['.'], packages_ignore=None, packages_ignore_regex=None, paths=None, packages_up_to=None, packages_up_to_regex=None, packages_above=None, packages_above_and_dependencies=None, packages_above_depth=None, packages_select_by_dep=None, packages_skip_by_dep=None, packages_skip_up_to=None, packages_select_build_failed=False, packages_skip_build_finished=False, packages_select_test_failures=False, packages_skip_test_passed=False, packages_select=None, packages_skip=None, packages_select_regex=None, packages_skip_regex=None, packages_start=None, packages_end=None, allow_overriding=[], cmake_args=None, cmake_target=None, cmake_target_skip_unavailable=False, cmake_clean_cache=False, cmake_clean_first=False, cmake_force_configure=False, ament_cmake_args=None, catkin_cmake_args=None, catkin_skip_building_tests=False, verb_parser=<colcon_defaults.argument_parser.defaults.DefaultArgumentsDecorator object at 0x71af71353ee0>, verb_extension=<colcon_core.verb.build.BuildVerb object at 0x71af7150b610>, main=<bound method BuildVerb.main of <colcon_core.verb.build.BuildVerb object at 0x71af7150b610>>)
[0.310s] Level 1:colcon.colcon_core.package_discovery:discover_packages(colcon_meta) check parameters
[0.310s] Level 1:colcon.colcon_core.package_discovery:discover_packages(recursive) check parameters
[0.310s] Level 1:colcon.colcon_core.package_discovery:discover_packages(ignore) check parameters
[0.311s] Level 1:colcon.colcon_core.package_discovery:discover_packages(path) check parameters
[0.311s] Level 1:colcon.colcon_core.package_discovery:discover_packages(colcon_meta) discover
[0.311s] Level 1:colcon.colcon_core.package_discovery:discover_packages(recursive) discover
[0.311s] INFO:colcon.colcon_core.package_discovery:Crawling recursively for packages in '/home/supreme/example_project_ws/src'
[0.311s] Level 1:colcon.colcon_core.package_identification:_identify(.) by extensions ['ignore', 'ignore_ament_install']
[0.311s] Level 1:colcon.colcon_core.package_identification:_identify(.) by extension 'ignore'
[0.311s] Level 1:colcon.colcon_core.package_identification:_identify(.) by extension 'ignore_ament_install'
[0.311s] Level 1:colcon.colcon_core.package_identification:_identify(.) by extensions ['colcon_pkg']
[0.311s] Level 1:colcon.colcon_core.package_identification:_identify(.) by extension 'colcon_pkg'
[0.311s] Level 1:colcon.colcon_core.package_identification:_identify(.) by extensions ['colcon_meta']
[0.311s] Level 1:colcon.colcon_core.package_identification:_identify(.) by extension 'colcon_meta'
[0.311s] Level 1:colcon.colcon_core.package_identification:_identify(.) by extensions ['ros']
[0.311s] Level 1:colcon.colcon_core.package_identification:_identify(.) by extension 'ros'
[0.332s] Level 1:colcon.colcon_core.package_identification:_identify(.) by extensions ['cmake', 'python']
[0.332s] Level 1:colcon.colcon_core.package_identification:_identify(.) by extension 'cmake'
[0.332s] Level 1:colcon.colcon_core.package_identification:_identify(.) by extension 'python'
[0.332s] Level 1:colcon.colcon_core.package_identification:_identify(.) by extensions ['python_setup_py']
[0.332s] Level 1:colcon.colcon_core.package_identification:_identify(.) by extension 'python_setup_py'
[0.333s] Level 1:colcon.colcon_core.package_identification:_identify(build) by extensions ['ignore', 'ignore_ament_install']
[0.333s] Level 1:colcon.colcon_core.package_identification:_identify(build) by extension 'ignore'
[0.333s] Level 1:colcon.colcon_core.package_identification:_identify(build) ignored
[0.333s] Level 1:colcon.colcon_core.package_identification:_identify(example_project) by extensions ['ignore', 'ignore_ament_install']
[0.333s] Level 1:colcon.colcon_core.package_identification:_identify(example_project) by extension 'ignore'
[0.333s] Level 1:colcon.colcon_core.package_identification:_identify(example_project) by extension 'ignore_ament_install'
[0.333s] Level 1:colcon.colcon_core.package_identification:_identify(example_project) by extensions ['colcon_pkg']
[0.333s] Level 1:colcon.colcon_core.package_identification:_identify(example_project) by extension 'colcon_pkg'
[0.333s] Level 1:colcon.colcon_core.package_identification:_identify(example_project) by extensions ['colcon_meta']
[0.333s] Level 1:colcon.colcon_core.package_identification:_identify(example_project) by extension 'colcon_meta'
[0.333s] Level 1:colcon.colcon_core.package_identification:_identify(example_project) by extensions ['ros']
[0.333s] Level 1:colcon.colcon_core.package_identification:_identify(example_project) by extension 'ros'
[0.336s] DEBUG:colcon.colcon_core.package_identification:Package 'example_project' with type 'ros.ament_python' and name 'example_project'
[0.336s] Level 1:colcon.colcon_core.package_identification:_identify(install) by extensions ['ignore', 'ignore_ament_install']
[0.336s] Level 1:colcon.colcon_core.package_identification:_identify(install) by extension 'ignore'
[0.336s] Level 1:colcon.colcon_core.package_identification:_identify(install) ignored
[0.336s] Level 1:colcon.colcon_core.package_identification:_identify(log) by extensions ['ignore', 'ignore_ament_install']
[0.337s] Level 1:colcon.colcon_core.package_identification:_identify(log) by extension 'ignore'
[0.337s] Level 1:colcon.colcon_core.package_identification:_identify(log) ignored
[0.337s] Level 1:colcon.colcon_core.package_identification:_identify(move_robot) by extensions ['ignore', 'ignore_ament_install']
[0.337s] Level 1:colcon.colcon_core.package_identification:_identify(move_robot) by extension 'ignore'
[0.337s] Level 1:colcon.colcon_core.package_identification:_identify(move_robot) by extension 'ignore_ament_install'
[0.337s] Level 1:colcon.colcon_core.package_identification:_identify(move_robot) by extensions ['colcon_pkg']
[0.337s] Level 1:colcon.colcon_core.package_identification:_identify(move_robot) by extension 'colcon_pkg'
[0.337s] Level 1:colcon.colcon_core.package_identification:_identify(move_robot) by extensions ['colcon_meta']
[0.337s] Level 1:colcon.colcon_core.package_identification:_identify(move_robot) by extension 'colcon_meta'
[0.337s] Level 1:colcon.colcon_core.package_identification:_identify(move_robot) by extensions ['ros']
[0.337s] Level 1:colcon.colcon_core.package_identification:_identify(move_robot) by extension 'ros'
[0.338s] DEBUG:colcon.colcon_core.package_identification:Package 'move_robot' with type 'ros.ament_python' and name 'move_robot'
[0.338s] Level 1:colcon.colcon_core.package_discovery:discover_packages(recursive) using defaults
[0.338s] Level 1:colcon.colcon_core.package_discovery:discover_packages(ignore) discover
[0.338s] Level 1:colcon.colcon_core.package_discovery:discover_packages(ignore) using defaults
[0.338s] Level 1:colcon.colcon_core.package_discovery:discover_packages(path) discover
[0.338s] Level 1:colcon.colcon_core.package_discovery:discover_packages(path) using defaults
[0.360s] Level 1:colcon.colcon_core.package_discovery:discover_packages(prefix_path) check parameters
[0.360s] Level 1:colcon.colcon_core.package_discovery:discover_packages(prefix_path) discover
[0.363s] DEBUG:colcon.colcon_installed_package_information.package_discovery:Found 15 installed packages in /home/supreme/turtlebot3_ws/install
[0.365s] DEBUG:colcon.colcon_installed_package_information.package_discovery:Found 453 installed packages in /opt/ros/humble
[0.367s] Level 1:colcon.colcon_core.package_discovery:discover_packages(prefix_path) using defaults
[0.421s] Level 5:colcon.colcon_core.verb:set package 'example_project' build argument 'cmake_args' from command line to 'None'
[0.421s] Level 5:colcon.colcon_core.verb:set package 'example_project' build argument 'cmake_target' from command line to 'None'
[0.421s] Level 5:colcon.colcon_core.verb:set package 'example_project' build argument 'cmake_target_skip_unavailable' from command line to 'False'
[0.421s] Level 5:colcon.colcon_core.verb:set package 'example_project' build argument 'cmake_clean_cache' from command line to 'False'
[0.421s] Level 5:colcon.colcon_core.verb:set package 'example_project' build argument 'cmake_clean_first' from command line to 'False'
[0.421s] Level 5:colcon.colcon_core.verb:set package 'example_project' build argument 'cmake_force_configure' from command line to 'False'
[0.421s] Level 5:colcon.colcon_core.verb:set package 'example_project' build argument 'ament_cmake_args' from command line to 'None'
[0.421s] Level 5:colcon.colcon_core.verb:set package 'example_project' build argument 'catkin_cmake_args' from command line to 'None'
[0.421s] Level 5:colcon.colcon_core.verb:set package 'example_project' build argument 'catkin_skip_building_tests' from command line to 'False'
[0.421s] DEBUG:colcon.colcon_core.verb:Building package 'example_project' with the following arguments: {'ament_cmake_args': None, 'build_base': '/home/supreme/example_project_ws/src/build/example_project', 'catkin_cmake_args': None, 'catkin_skip_building_tests': False, 'cmake_args': None, 'cmake_clean_cache': False, 'cmake_clean_first': False, 'cmake_force_configure': False, 'cmake_target': None, 'cmake_target_skip_unavailable': False, 'install_base': '/home/supreme/example_project_ws/src/install/example_project', 'merge_install': False, 'path': '/home/supreme/example_project_ws/src/example_project', 'symlink_install': False, 'test_result_base': None}
[0.421s] Level 5:colcon.colcon_core.verb:set package 'move_robot' build argument 'cmake_args' from command line to 'None'
[0.421s] Level 5:colcon.colcon_core.verb:set package 'move_robot' build argument 'cmake_target' from command line to 'None'
[0.421s] Level 5:colcon.colcon_core.verb:set package 'move_robot' build argument 'cmake_target_skip_unavailable' from command line to 'False'
[0.421s] Level 5:colcon.colcon_core.verb:set package 'move_robot' build argument 'cmake_clean_cache' from command line to 'False'
[0.422s] Level 5:colcon.colcon_core.verb:set package 'move_robot' build argument 'cmake_clean_first' from command line to 'False'
[0.422s] Level 5:colcon.colcon_core.verb:set package 'move_robot' build argument 'cmake_force_configure' from command line to 'False'
[0.422s] Level 5:colcon.colcon_core.verb:set package 'move_robot' build argument 'ament_cmake_args' from command line to 'None'
[0.422s] Level 5:colcon.colcon_core.verb:set package 'move_robot' build argument 'catkin_cmake_args' from command line to 'None'
[0.422s] Level 5:colcon.colcon_core.verb:set package 'move_robot' build argument 'catkin_skip_building_tests' from command line to 'False'
[0.422s] DEBUG:colcon.colcon_core.verb:Building package 'move_robot' with the following arguments: {'ament_cmake_args': None, 'build_base': '/home/supreme/example_project_ws/src/build/move_robot', 'catkin_cmake_args': None, 'catkin_skip_building_tests': False, 'cmake_args': None, 'cmake_clean_cache': False, 'cmake_clean_first': False, 'cmake_force_configure': False, 'cmake_target': None, 'cmake_target_skip_unavailable': False, 'install_base': '/home/supreme/example_project_ws/src/install/move_robot', 'merge_install': False, 'path': '/home/supreme/example_project_ws/src/move_robot', 'symlink_install': False, 'test_result_base': None}
[0.422s] INFO:colcon.colcon_core.executor:Executing jobs using 'parallel' executor
[0.423s] DEBUG:colcon.colcon_parallel_executor.executor.parallel:run_until_complete
[0.423s] INFO:colcon.colcon_ros.task.ament_python.build:Building ROS package in '/home/supreme/example_project_ws/src/example_project' with build type 'ament_python'
[0.423s] Level 1:colcon.colcon_core.shell:create_environment_hook('example_project', 'ament_prefix_path')
[0.425s] INFO:colcon.colcon_core.plugin_system:Skipping extension 'colcon_core.shell.bat': Not used on non-Windows systems
[0.425s] INFO:colcon.colcon_core.shell:Creating environment hook '/home/supreme/example_project_ws/src/install/example_project/share/example_project/hook/ament_prefix_path.ps1'
[0.426s] INFO:colcon.colcon_core.shell:Creating environment descriptor '/home/supreme/example_project_ws/src/install/example_project/share/example_project/hook/ament_prefix_path.dsv'
[0.426s] INFO:colcon.colcon_core.shell:Creating environment hook '/home/supreme/example_project_ws/src/install/example_project/share/example_project/hook/ament_prefix_path.sh'
[0.427s] INFO:colcon.colcon_core.shell:Skip shell extension 'powershell' for command environment: Not usable outside of PowerShell
[0.427s] DEBUG:colcon.colcon_core.shell:Skip shell extension 'dsv' for command environment
[0.432s] INFO:colcon.colcon_ros.task.ament_python.build:Building ROS package in '/home/supreme/example_project_ws/src/move_robot' with build type 'ament_python'
[0.432s] Level 1:colcon.colcon_core.shell:create_environment_hook('move_robot', 'ament_prefix_path')
[0.432s] INFO:colcon.colcon_core.shell:Creating environment hook '/home/supreme/example_project_ws/src/install/move_robot/share/move_robot/hook/ament_prefix_path.ps1'
[0.433s] INFO:colcon.colcon_core.shell:Creating environment descriptor '/home/supreme/example_project_ws/src/install/move_robot/share/move_robot/hook/ament_prefix_path.dsv'
[0.433s] INFO:colcon.colcon_core.shell:Creating environment hook '/home/supreme/example_project_ws/src/install/move_robot/share/move_robot/hook/ament_prefix_path.sh'
[0.434s] INFO:colcon.colcon_core.shell:Skip shell extension 'powershell' for command environment: Not usable outside of PowerShell
[0.434s] DEBUG:colcon.colcon_core.shell:Skip shell extension 'dsv' for command environment
[0.811s] INFO:colcon.colcon_core.task.python.build:Building Python package in '/home/supreme/example_project_ws/src/example_project'
[0.812s] INFO:colcon.colcon_core.shell:Skip shell extension 'powershell' for command environment: Not usable outside of PowerShell
[0.812s] DEBUG:colcon.colcon_core.shell:Skip shell extension 'dsv' for command environment
[1.145s] INFO:colcon.colcon_core.task.python.build:Building Python package in '/home/supreme/example_project_ws/src/move_robot'
[1.146s] INFO:colcon.colcon_core.shell:Skip shell extension 'powershell' for command environment: Not usable outside of PowerShell
[1.146s] DEBUG:colcon.colcon_core.shell:Skip shell extension 'dsv' for command environment
[1.555s] DEBUG:colcon.colcon_core.event_handler.log_command:Invoking command in '/home/supreme/example_project_ws/src/example_project': PYTHONPATH=/home/supreme/example_project_ws/src/build/example_project/prefix_override:/usr/lib/python3/dist-packages/colcon_core/task/python/colcon_distutils_commands:/home/supreme/example_project_ws/src/install/example_project/lib/python3.10/site-packages:${PYTHONPATH} /usr/bin/python3 -W ignore:setup.py install is deprecated -W ignore:easy_install command is deprecated setup.py egg_info --egg-base ../build/example_project build --build-base /home/supreme/example_project_ws/src/build/example_project/build install --record /home/supreme/example_project_ws/src/build/example_project/install.log --single-version-externally-managed install_data
[1.574s] DEBUG:colcon.colcon_core.event_handler.log_command:Invoking command in '/home/supreme/example_project_ws/src/move_robot': PYTHONPATH=/home/supreme/example_project_ws/src/build/move_robot/prefix_override:/usr/lib/python3/dist-packages/colcon_core/task/python/colcon_distutils_commands:/home/supreme/example_project_ws/src/install/move_robot/lib/python3.10/site-packages:${PYTHONPATH} /usr/bin/python3 -W ignore:setup.py install is deprecated -W ignore:easy_install command is deprecated setup.py egg_info --egg-base ../build/move_robot build --build-base /home/supreme/example_project_ws/src/build/move_robot/build install --record /home/supreme/example_project_ws/src/build/move_robot/install.log --single-version-externally-managed install_data
[1.918s] DEBUG:colcon.colcon_core.event_handler.log_command:Invoked command in '/home/supreme/example_project_ws/src/example_project' returned '0': PYTHONPATH=/home/supreme/example_project_ws/src/build/example_project/prefix_override:/usr/lib/python3/dist-packages/colcon_core/task/python/colcon_distutils_commands:/home/supreme/example_project_ws/src/install/example_project/lib/python3.10/site-packages:${PYTHONPATH} /usr/bin/python3 -W ignore:setup.py install is deprecated -W ignore:easy_install command is deprecated setup.py egg_info --egg-base ../build/example_project build --build-base /home/supreme/example_project_ws/src/build/example_project/build install --record /home/supreme/example_project_ws/src/build/example_project/install.log --single-version-externally-managed install_data
[1.920s] Level 1:colcon.colcon_core.environment:checking '/home/supreme/example_project_ws/src/install/example_project' for CMake module files
[1.921s] Level 1:colcon.colcon_core.environment:checking '/home/supreme/example_project_ws/src/install/example_project' for CMake config files
[1.922s] Level 1:colcon.colcon_core.environment:checking '/home/supreme/example_project_ws/src/install/example_project/lib'
[1.922s] Level 1:colcon.colcon_core.environment:checking '/home/supreme/example_project_ws/src/install/example_project/bin'
[1.922s] Level 1:colcon.colcon_core.environment:checking '/home/supreme/example_project_ws/src/install/example_project/lib/pkgconfig/example_project.pc'
[1.923s] Level 1:colcon.colcon_core.environment:checking '/home/supreme/example_project_ws/src/install/example_project/lib/python3.10/site-packages'
[1.923s] Level 1:colcon.colcon_core.shell:create_environment_hook('example_project', 'pythonpath')
[1.923s] INFO:colcon.colcon_core.shell:Creating environment hook '/home/supreme/example_project_ws/src/install/example_project/share/example_project/hook/pythonpath.ps1'
[1.924s] INFO:colcon.colcon_core.shell:Creating environment descriptor '/home/supreme/example_project_ws/src/install/example_project/share/example_project/hook/pythonpath.dsv'
[1.924s] INFO:colcon.colcon_core.shell:Creating environment hook '/home/supreme/example_project_ws/src/install/example_project/share/example_project/hook/pythonpath.sh'
[1.925s] Level 1:colcon.colcon_core.environment:checking '/home/supreme/example_project_ws/src/install/example_project/bin'
[1.925s] Level 1:colcon.colcon_core.environment:create_environment_scripts_only(example_project)
[1.926s] INFO:colcon.colcon_core.shell:Creating package script '/home/supreme/example_project_ws/src/install/example_project/share/example_project/package.ps1'
[1.927s] INFO:colcon.colcon_core.shell:Creating package descriptor '/home/supreme/example_project_ws/src/install/example_project/share/example_project/package.dsv'
[1.928s] INFO:colcon.colcon_core.shell:Creating package script '/home/supreme/example_project_ws/src/install/example_project/share/example_project/package.sh'
[1.929s] INFO:colcon.colcon_core.shell:Creating package script '/home/supreme/example_project_ws/src/install/example_project/share/example_project/package.bash'
[1.930s] INFO:colcon.colcon_core.shell:Creating package script '/home/supreme/example_project_ws/src/install/example_project/share/example_project/package.zsh'
[1.930s] Level 1:colcon.colcon_core.environment:create_file_with_runtime_dependencies(/home/supreme/example_project_ws/src/install/example_project/share/colcon-core/packages/example_project)
[1.980s] Level 1:colcon.colcon_core.environment:checking '/home/supreme/example_project_ws/src/install/move_robot' for CMake module files
[1.981s] DEBUG:colcon.colcon_core.event_handler.log_command:Invoked command in '/home/supreme/example_project_ws/src/move_robot' returned '0': PYTHONPATH=/home/supreme/example_project_ws/src/build/move_robot/prefix_override:/usr/lib/python3/dist-packages/colcon_core/task/python/colcon_distutils_commands:/home/supreme/example_project_ws/src/install/move_robot/lib/python3.10/site-packages:${PYTHONPATH} /usr/bin/python3 -W ignore:setup.py install is deprecated -W ignore:easy_install command is deprecated setup.py egg_info --egg-base ../build/move_robot build --build-base /home/supreme/example_project_ws/src/build/move_robot/build install --record /home/supreme/example_project_ws/src/build/move_robot/install.log --single-version-externally-managed install_data
[1.981s] Level 1:colcon.colcon_core.environment:checking '/home/supreme/example_project_ws/src/install/move_robot' for CMake config files
[1.982s] Level 1:colcon.colcon_core.environment:checking '/home/supreme/example_project_ws/src/install/move_robot/lib'
[1.982s] Level 1:colcon.colcon_core.environment:checking '/home/supreme/example_project_ws/src/install/move_robot/bin'
[1.982s] Level 1:colcon.colcon_core.environment:checking '/home/supreme/example_project_ws/src/install/move_robot/lib/pkgconfig/move_robot.pc'
[1.982s] Level 1:colcon.colcon_core.environment:checking '/home/supreme/example_project_ws/src/install/move_robot/lib/python3.10/site-packages'
[1.983s] Level 1:colcon.colcon_core.shell:create_environment_hook('move_robot', 'pythonpath')
[1.983s] INFO:colcon.colcon_core.shell:Creating environment hook '/home/supreme/example_project_ws/src/install/move_robot/share/move_robot/hook/pythonpath.ps1'
[1.983s] INFO:colcon.colcon_core.shell:Creating environment descriptor '/home/supreme/example_project_ws/src/install/move_robot/share/move_robot/hook/pythonpath.dsv'
[1.984s] INFO:colcon.colcon_core.shell:Creating environment hook '/home/supreme/example_project_ws/src/install/move_robot/share/move_robot/hook/pythonpath.sh'
[1.985s] Level 1:colcon.colcon_core.environment:checking '/home/supreme/example_project_ws/src/install/move_robot/bin'
[1.985s] Level 1:colcon.colcon_core.environment:create_environment_scripts_only(move_robot)
[1.985s] INFO:colcon.colcon_core.shell:Creating package script '/home/supreme/example_project_ws/src/install/move_robot/share/move_robot/package.ps1'
[1.986s] INFO:colcon.colcon_core.shell:Creating package descriptor '/home/supreme/example_project_ws/src/install/move_robot/share/move_robot/package.dsv'
[1.986s] INFO:colcon.colcon_core.shell:Creating package script '/home/supreme/example_project_ws/src/install/move_robot/share/move_robot/package.sh'
[1.987s] INFO:colcon.colcon_core.shell:Creating package script '/home/supreme/example_project_ws/src/install/move_robot/share/move_robot/package.bash'
[1.987s] INFO:colcon.colcon_core.shell:Creating package script '/home/supreme/example_project_ws/src/install/move_robot/share/move_robot/package.zsh'
[1.987s] Level 1:colcon.colcon_core.environment:create_file_with_runtime_dependencies(/home/supreme/example_project_ws/src/install/move_robot/share/colcon-core/packages/move_robot)
[1.988s] DEBUG:colcon.colcon_parallel_executor.executor.parallel:closing loop
[1.988s] DEBUG:colcon.colcon_parallel_executor.executor.parallel:loop closed
[1.988s] DEBUG:colcon.colcon_parallel_executor.executor.parallel:run_until_complete finished with '0'
[1.988s] DEBUG:colcon.colcon_core.event_reactor:joining thread
[1.994s] INFO:colcon.colcon_core.plugin_system:Skipping extension 'colcon_notification.desktop_notification.terminal_notifier': Not used on non-Darwin systems
[1.995s] INFO:colcon.colcon_core.plugin_system:Skipping extension 'colcon_notification.desktop_notification.win32': Not used on non-Windows systems
[1.995s] INFO:colcon.colcon_notification.desktop_notification:Sending desktop notification using 'notify2'
[2.013s] DEBUG:colcon.colcon_core.event_reactor:joined thread
[2.014s] INFO:colcon.colcon_core.shell:Creating prefix script '/home/supreme/example_project_ws/src/install/local_setup.ps1'
[2.015s] INFO:colcon.colcon_core.shell:Creating prefix util module '/home/supreme/example_project_ws/src/install/_local_setup_util_ps1.py'
[2.017s] INFO:colcon.colcon_core.shell:Creating prefix chain script '/home/supreme/example_project_ws/src/install/setup.ps1'
[2.022s] INFO:colcon.colcon_core.shell:Creating prefix script '/home/supreme/example_project_ws/src/install/local_setup.sh'
[2.023s] INFO:colcon.colcon_core.shell:Creating prefix util module '/home/supreme/example_project_ws/src/install/_local_setup_util_sh.py'
[2.024s] INFO:colcon.colcon_core.shell:Creating prefix chain script '/home/supreme/example_project_ws/src/install/setup.sh'
[2.026s] INFO:colcon.colcon_core.shell:Creating prefix script '/home/supreme/example_project_ws/src/install/local_setup.bash'
[2.027s] INFO:colcon.colcon_core.shell:Creating prefix chain script '/home/supreme/example_project_ws/src/install/setup.bash'
[2.029s] INFO:colcon.colcon_core.shell:Creating prefix script '/home/supreme/example_project_ws/src/install/local_setup.zsh'
[2.030s] INFO:colcon.colcon_core.shell:Creating prefix chain script '/home/supreme/example_project_ws/src/install/setup.zsh'
