running egg_info
writing ../build/example_project/example_project.egg-info/PKG-INFO
writing dependency_links to ../build/example_project/example_project.egg-info/dependency_links.txt
writing entry points to ../build/example_project/example_project.egg-info/entry_points.txt
writing requirements to ../build/example_project/example_project.egg-info/requires.txt
writing top-level names to ../build/example_project/example_project.egg-info/top_level.txt
reading manifest file '../build/example_project/example_project.egg-info/SOURCES.txt'
writing manifest file '../build/example_project/example_project.egg-info/SOURCES.txt'
running build
running build_py
copying example_project/kitchen_v4.py -> /home/rokey/Desktop/example_project_ws/src/build/example_project/build/lib/example_project
running install
running install_lib
copying /home/rokey/Desktop/example_project_ws/src/build/example_project/build/lib/example_project/kitchen_v4.py -> /home/rokey/Desktop/example_project_ws/src/install/example_project/lib/python3.10/site-packages/example_project
byte-compiling /home/rokey/Desktop/example_project_ws/src/install/example_project/lib/python3.10/site-packages/example_project/kitchen_v4.py to kitchen_v4.cpython-310.pyc
running install_data
running install_egg_info
removing '/home/rokey/Desktop/example_project_ws/src/install/example_project/lib/python3.10/site-packages/example_project-0.0.1-py3.10.egg-info' (and everything under it)
Copying ../build/example_project/example_project.egg-info to /home/rokey/Desktop/example_project_ws/src/install/example_project/lib/python3.10/site-packages/example_project-0.0.1-py3.10.egg-info
running install_scripts
Installing customer_v4 script to /home/rokey/Desktop/example_project_ws/src/install/example_project/lib/example_project
Installing kitchen_v4 script to /home/rokey/Desktop/example_project_ws/src/install/example_project/lib/example_project
writing list of installed files to '/home/rokey/Desktop/example_project_ws/src/build/example_project/install.log'
