[0.532s] Invoking command in '/home/rokey/Desktop/example_project_ws/src/example_project': PYTHONPATH=/home/rokey/Desktop/example_project_ws/src/build/example_project/prefix_override:/usr/lib/python3/dist-packages/colcon_core/task/python/colcon_distutils_commands:/home/rokey/Desktop/example_project_ws/src/install/example_project/lib/python3.10/site-packages:${PYTHONPATH} /usr/bin/python3 -W ignore:setup.py install is deprecated -W ignore:easy_install command is deprecated setup.py egg_info --egg-base ../build/example_project build --build-base /home/rokey/Desktop/example_project_ws/src/build/example_project/build install --record /home/rokey/Desktop/example_project_ws/src/build/example_project/install.log --single-version-externally-managed install_data
[0.679s] running egg_info
[0.679s] writing ../build/example_project/example_project.egg-info/PKG-INFO
[0.679s] writing dependency_links to ../build/example_project/example_project.egg-info/dependency_links.txt
[0.679s] writing entry points to ../build/example_project/example_project.egg-info/entry_points.txt
[0.679s] writing requirements to ../build/example_project/example_project.egg-info/requires.txt
[0.679s] writing top-level names to ../build/example_project/example_project.egg-info/top_level.txt
[0.680s] reading manifest file '../build/example_project/example_project.egg-info/SOURCES.txt'
[0.681s] writing manifest file '../build/example_project/example_project.egg-info/SOURCES.txt'
[0.681s] running build
[0.681s] running build_py
[0.681s] running install
[0.682s] running install_lib
[0.682s] running install_data
[0.682s] running install_egg_info
[0.683s] removing '/home/rokey/Desktop/example_project_ws/src/install/example_project/lib/python3.10/site-packages/example_project-0.0.1-py3.10.egg-info' (and everything under it)
[0.684s] Copying ../build/example_project/example_project.egg-info to /home/rokey/Desktop/example_project_ws/src/install/example_project/lib/python3.10/site-packages/example_project-0.0.1-py3.10.egg-info
[0.684s] running install_scripts
[0.696s] Installing customer_v4 script to /home/rokey/Desktop/example_project_ws/src/install/example_project/lib/example_project
[0.696s] Installing kitchen_v4 script to /home/rokey/Desktop/example_project_ws/src/install/example_project/lib/example_project
[0.696s] writing list of installed files to '/home/rokey/Desktop/example_project_ws/src/build/example_project/install.log'
[0.716s] Invoked command in '/home/rokey/Desktop/example_project_ws/src/example_project' returned '0': PYTHONPATH=/home/rokey/Desktop/example_project_ws/src/build/example_project/prefix_override:/usr/lib/python3/dist-packages/colcon_core/task/python/colcon_distutils_commands:/home/rokey/Desktop/example_project_ws/src/install/example_project/lib/python3.10/site-packages:${PYTHONPATH} /usr/bin/python3 -W ignore:setup.py install is deprecated -W ignore:easy_install command is deprecated setup.py egg_info --egg-base ../build/example_project build --build-base /home/rokey/Desktop/example_project_ws/src/build/example_project/build install --record /home/rokey/Desktop/example_project_ws/src/build/example_project/install.log --single-version-externally-managed install_data
