[0.732s] Invoking command in '/home/supreme/example_project_ws/src/example_project': PYTHONPATH=/home/supreme/example_project_ws/build/example_project/prefix_override:/usr/lib/python3/dist-packages/colcon_core/task/python/colcon_distutils_commands:/home/supreme/example_project_ws/install/example_project/lib/python3.10/site-packages:${PYTHONPATH} /usr/bin/python3 -W ignore:setup.py install is deprecated -W ignore:easy_install command is deprecated setup.py egg_info --egg-base ../../build/example_project build --build-base /home/supreme/example_project_ws/build/example_project/build install --record /home/supreme/example_project_ws/build/example_project/install.log --single-version-externally-managed install_data
[1.015s] running egg_info
[1.017s] writing ../../build/example_project/example_project.egg-info/PKG-INFO
[1.017s] writing dependency_links to ../../build/example_project/example_project.egg-info/dependency_links.txt
[1.017s] writing entry points to ../../build/example_project/example_project.egg-info/entry_points.txt
[1.017s] writing requirements to ../../build/example_project/example_project.egg-info/requires.txt
[1.018s] writing top-level names to ../../build/example_project/example_project.egg-info/top_level.txt
[1.020s] reading manifest file '../../build/example_project/example_project.egg-info/SOURCES.txt'
[1.021s] writing manifest file '../../build/example_project/example_project.egg-info/SOURCES.txt'
[1.021s] running build
[1.021s] running build_py
[1.021s] copying example_project/customer_v4.py -> /home/supreme/example_project_ws/build/example_project/build/lib/example_project
[1.022s] running install
[1.022s] running install_lib
[1.023s] copying /home/supreme/example_project_ws/build/example_project/build/lib/example_project/customer_v4.py -> /home/supreme/example_project_ws/install/example_project/lib/python3.10/site-packages/example_project
[1.024s] byte-compiling /home/supreme/example_project_ws/install/example_project/lib/python3.10/site-packages/example_project/customer_v4.py to customer_v4.cpython-310.pyc
[1.027s] running install_data
[1.027s] creating /home/supreme/example_project_ws/install/example_project/share/example_project/images
[1.027s] copying images/colombia.jpg -> /home/supreme/example_project_ws/install/example_project/share/example_project/images
[1.027s] copying images/guatemala.jpg -> /home/supreme/example_project_ws/install/example_project/share/example_project/images
[1.027s] copying images/costarica.jpg -> /home/supreme/example_project_ws/install/example_project/share/example_project/images
[1.028s] copying images/kenya.jpg -> /home/supreme/example_project_ws/install/example_project/share/example_project/images
[1.028s] running install_egg_info
[1.031s] removing '/home/supreme/example_project_ws/install/example_project/lib/python3.10/site-packages/example_project-0.0.1-py3.10.egg-info' (and everything under it)
[1.032s] Copying ../../build/example_project/example_project.egg-info to /home/supreme/example_project_ws/install/example_project/lib/python3.10/site-packages/example_project-0.0.1-py3.10.egg-info
[1.033s] running install_scripts
[1.057s] Installing customer_v4 script to /home/supreme/example_project_ws/install/example_project/lib/example_project
[1.057s] Installing kitchen_v4 script to /home/supreme/example_project_ws/install/example_project/lib/example_project
[1.057s] writing list of installed files to '/home/supreme/example_project_ws/build/example_project/install.log'
[1.081s] Invoked command in '/home/supreme/example_project_ws/src/example_project' returned '0': PYTHONPATH=/home/supreme/example_project_ws/build/example_project/prefix_override:/usr/lib/python3/dist-packages/colcon_core/task/python/colcon_distutils_commands:/home/supreme/example_project_ws/install/example_project/lib/python3.10/site-packages:${PYTHONPATH} /usr/bin/python3 -W ignore:setup.py install is deprecated -W ignore:easy_install command is deprecated setup.py egg_info --egg-base ../../build/example_project build --build-base /home/supreme/example_project_ws/build/example_project/build install --record /home/supreme/example_project_ws/build/example_project/install.log --single-version-externally-managed install_data
