[0.167s] DEBUG:colcon:Command line arguments: ['/usr/bin/colcon', 'build']
[0.167s] DEBUG:colcon:Parsed command line arguments: Namespace(log_base=None, log_level=None, verb_name='build', build_base='build', install_base='install', merge_install=False, symlink_install=False, test_result_base=None, continue_on_error=False, executor='parallel', parallel_workers=22, event_handlers=None, ignore_user_meta=False, metas=['./colcon.meta'], base_paths=['.'], packages_ignore=None, packages_ignore_regex=None, paths=None, packages_up_to=None, packages_up_to_regex=None, packages_above=None, packages_above_and_dependencies=None, packages_above_depth=None, packages_select_by_dep=None, packages_skip_by_dep=None, packages_skip_up_to=None, packages_select_build_failed=False, packages_skip_build_finished=False, packages_select_test_failures=False, packages_skip_test_passed=False, packages_select=None, packages_skip=None, packages_select_regex=None, packages_skip_regex=None, packages_start=None, packages_end=None, allow_overriding=[], cmake_args=None, cmake_target=None, cmake_target_skip_unavailable=False, cmake_clean_cache=False, cmake_clean_first=False, cmake_force_configure=False, ament_cmake_args=None, catkin_cmake_args=None, catkin_skip_building_tests=False, verb_parser=<colcon_defaults.argument_parser.defaults.DefaultArgumentsDecorator object at 0x70ea32076f80>, verb_extension=<colcon_core.verb.build.BuildVerb object at 0x70ea32076a70>, main=<bound method BuildVerb.main of <colcon_core.verb.build.BuildVerb object at 0x70ea32076a70>>)
[0.422s] Level 1:colcon.colcon_core.package_discovery:discover_packages(colcon_meta) check parameters
[0.422s] Level 1:colcon.colcon_core.package_discovery:discover_packages(recursive) check parameters
[0.422s] Level 1:colcon.colcon_core.package_discovery:discover_packages(ignore) check parameters
[0.423s] Level 1:colcon.colcon_core.package_discovery:discover_packages(path) check parameters
[0.423s] Level 1:colcon.colcon_core.package_discovery:discover_packages(colcon_meta) discover
[0.423s] Level 1:colcon.colcon_core.package_discovery:discover_packages(recursive) discover
[0.423s] INFO:colcon.colcon_core.package_discovery:Crawling recursively for packages in '/home/rokey/Desktop/example_project_ws/src'
[0.423s] Level 1:colcon.colcon_core.package_identification:_identify(.) by extensions ['ignore', 'ignore_ament_install']
[0.423s] Level 1:colcon.colcon_core.package_identification:_identify(.) by extension 'ignore'
[0.423s] Level 1:colcon.colcon_core.package_identification:_identify(.) by extension 'ignore_ament_install'
[0.423s] Level 1:colcon.colcon_core.package_identification:_identify(.) by extensions ['colcon_pkg']
[0.423s] Level 1:colcon.colcon_core.package_identification:_identify(.) by extension 'colcon_pkg'
[0.424s] Level 1:colcon.colcon_core.package_identification:_identify(.) by extensions ['colcon_meta']
[0.424s] Level 1:colcon.colcon_core.package_identification:_identify(.) by extension 'colcon_meta'
[0.424s] Level 1:colcon.colcon_core.package_identification:_identify(.) by extensions ['ros']
[0.424s] Level 1:colcon.colcon_core.package_identification:_identify(.) by extension 'ros'
[0.438s] Level 1:colcon.colcon_core.package_identification:_identify(.) by extensions ['cmake', 'python']
[0.438s] Level 1:colcon.colcon_core.package_identification:_identify(.) by extension 'cmake'
[0.438s] Level 1:colcon.colcon_core.package_identification:_identify(.) by extension 'python'
[0.438s] Level 1:colcon.colcon_core.package_identification:_identify(.) by extensions ['python_setup_py']
[0.438s] Level 1:colcon.colcon_core.package_identification:_identify(.) by extension 'python_setup_py'
[0.438s] Level 1:colcon.colcon_core.package_identification:_identify(build) by extensions ['ignore', 'ignore_ament_install']
[0.438s] Level 1:colcon.colcon_core.package_identification:_identify(build) by extension 'ignore'
[0.438s] Level 1:colcon.colcon_core.package_identification:_identify(build) ignored
[0.439s] Level 1:colcon.colcon_core.package_identification:_identify(example_project) by extensions ['ignore', 'ignore_ament_install']
[0.439s] Level 1:colcon.colcon_core.package_identification:_identify(example_project) by extension 'ignore'
[0.439s] Level 1:colcon.colcon_core.package_identification:_identify(example_project) by extension 'ignore_ament_install'
[0.439s] Level 1:colcon.colcon_core.package_identification:_identify(example_project) by extensions ['colcon_pkg']
[0.439s] Level 1:colcon.colcon_core.package_identification:_identify(example_project) by extension 'colcon_pkg'
[0.439s] Level 1:colcon.colcon_core.package_identification:_identify(example_project) by extensions ['colcon_meta']
[0.439s] Level 1:colcon.colcon_core.package_identification:_identify(example_project) by extension 'colcon_meta'
[0.439s] Level 1:colcon.colcon_core.package_identification:_identify(example_project) by extensions ['ros']
[0.439s] Level 1:colcon.colcon_core.package_identification:_identify(example_project) by extension 'ros'
[0.442s] DEBUG:colcon.colcon_core.package_identification:Package 'example_project' with type 'ros.ament_python' and name 'example_project'
[0.442s] Level 1:colcon.colcon_core.package_identification:_identify(install) by extensions ['ignore', 'ignore_ament_install']
[0.442s] Level 1:colcon.colcon_core.package_identification:_identify(install) by extension 'ignore'
[0.442s] Level 1:colcon.colcon_core.package_identification:_identify(install) ignored
[0.442s] Level 1:colcon.colcon_core.package_identification:_identify(log) by extensions ['ignore', 'ignore_ament_install']
[0.442s] Level 1:colcon.colcon_core.package_identification:_identify(log) by extension 'ignore'
[0.442s] Level 1:colcon.colcon_core.package_identification:_identify(log) ignored
[0.443s] Level 1:colcon.colcon_core.package_identification:_identify(move_robot) by extensions ['ignore', 'ignore_ament_install']
[0.443s] Level 1:colcon.colcon_core.package_identification:_identify(move_robot) by extension 'ignore'
[0.443s] Level 1:colcon.colcon_core.package_identification:_identify(move_robot) by extension 'ignore_ament_install'
[0.443s] Level 1:colcon.colcon_core.package_identification:_identify(move_robot) by extensions ['colcon_pkg']
[0.443s] Level 1:colcon.colcon_core.package_identification:_identify(move_robot) by extension 'colcon_pkg'
[0.443s] Level 1:colcon.colcon_core.package_identification:_identify(move_robot) by extensions ['colcon_meta']
[0.443s] Level 1:colcon.colcon_core.package_identification:_identify(move_robot) by extension 'colcon_meta'
[0.443s] Level 1:colcon.colcon_core.package_identification:_identify(move_robot) by extensions ['ros']
[0.443s] Level 1:colcon.colcon_core.package_identification:_identify(move_robot) by extension 'ros'
[0.444s] DEBUG:colcon.colcon_core.package_identification:Package 'move_robot' with type 'ros.ament_python' and name 'move_robot'
[0.444s] Level 1:colcon.colcon_core.package_discovery:discover_packages(recursive) using defaults
[0.444s] Level 1:colcon.colcon_core.package_discovery:discover_packages(ignore) discover
[0.444s] Level 1:colcon.colcon_core.package_discovery:discover_packages(ignore) using defaults
[0.444s] Level 1:colcon.colcon_core.package_discovery:discover_packages(path) discover
[0.444s] Level 1:colcon.colcon_core.package_discovery:discover_packages(path) using defaults
[0.469s] Level 1:colcon.colcon_core.package_discovery:discover_packages(prefix_path) check parameters
[0.469s] Level 1:colcon.colcon_core.package_discovery:discover_packages(prefix_path) discover
[0.472s] DEBUG:colcon.colcon_installed_package_information.package_discovery:Found 3 installed packages in /home/rokey/Desktop/example_project_ws/src/install
[0.473s] DEBUG:colcon.colcon_installed_package_information.package_discovery:Found 16 installed packages in /home/rokey/turtlebot3_ws/install
[0.475s] DEBUG:colcon.colcon_installed_package_information.package_discovery:Found 450 installed packages in /opt/ros/humble
[0.478s] Level 1:colcon.colcon_core.package_discovery:discover_packages(prefix_path) using defaults
[0.539s] Level 5:colcon.colcon_core.verb:set package 'example_project' build argument 'cmake_args' from command line to 'None'
[0.540s] Level 5:colcon.colcon_core.verb:set package 'example_project' build argument 'cmake_target' from command line to 'None'
[0.540s] Level 5:colcon.colcon_core.verb:set package 'example_project' build argument 'cmake_target_skip_unavailable' from command line to 'False'
[0.540s] Level 5:colcon.colcon_core.verb:set package 'example_project' build argument 'cmake_clean_cache' from command line to 'False'
[0.540s] Level 5:colcon.colcon_core.verb:set package 'example_project' build argument 'cmake_clean_first' from command line to 'False'
[0.540s] Level 5:colcon.colcon_core.verb:set package 'example_project' build argument 'cmake_force_configure' from command line to 'False'
[0.540s] Level 5:colcon.colcon_core.verb:set package 'example_project' build argument 'ament_cmake_args' from command line to 'None'
[0.540s] Level 5:colcon.colcon_core.verb:set package 'example_project' build argument 'catkin_cmake_args' from command line to 'None'
[0.540s] Level 5:colcon.colcon_core.verb:set package 'example_project' build argument 'catkin_skip_building_tests' from command line to 'False'
[0.540s] DEBUG:colcon.colcon_core.verb:Building package 'example_project' with the following arguments: {'ament_cmake_args': None, 'build_base': '/home/rokey/Desktop/example_project_ws/src/build/example_project', 'catkin_cmake_args': None, 'catkin_skip_building_tests': False, 'cmake_args': None, 'cmake_clean_cache': False, 'cmake_clean_first': False, 'cmake_force_configure': False, 'cmake_target': None, 'cmake_target_skip_unavailable': False, 'install_base': '/home/rokey/Desktop/example_project_ws/src/install/example_project', 'merge_install': False, 'path': '/home/rokey/Desktop/example_project_ws/src/example_project', 'symlink_install': False, 'test_result_base': None}
[0.540s] Level 5:colcon.colcon_core.verb:set package 'move_robot' build argument 'cmake_args' from command line to 'None'
[0.540s] Level 5:colcon.colcon_core.verb:set package 'move_robot' build argument 'cmake_target' from command line to 'None'
[0.540s] Level 5:colcon.colcon_core.verb:set package 'move_robot' build argument 'cmake_target_skip_unavailable' from command line to 'False'
[0.540s] Level 5:colcon.colcon_core.verb:set package 'move_robot' build argument 'cmake_clean_cache' from command line to 'False'
[0.540s] Level 5:colcon.colcon_core.verb:set package 'move_robot' build argument 'cmake_clean_first' from command line to 'False'
[0.540s] Level 5:colcon.colcon_core.verb:set package 'move_robot' build argument 'cmake_force_configure' from command line to 'False'
[0.540s] Level 5:colcon.colcon_core.verb:set package 'move_robot' build argument 'ament_cmake_args' from command line to 'None'
[0.540s] Level 5:colcon.colcon_core.verb:set package 'move_robot' build argument 'catkin_cmake_args' from command line to 'None'
[0.541s] Level 5:colcon.colcon_core.verb:set package 'move_robot' build argument 'catkin_skip_building_tests' from command line to 'False'
[0.541s] DEBUG:colcon.colcon_core.verb:Building package 'move_robot' with the following arguments: {'ament_cmake_args': None, 'build_base': '/home/rokey/Desktop/example_project_ws/src/build/move_robot', 'catkin_cmake_args': None, 'catkin_skip_building_tests': False, 'cmake_args': None, 'cmake_clean_cache': False, 'cmake_clean_first': False, 'cmake_force_configure': False, 'cmake_target': None, 'cmake_target_skip_unavailable': False, 'install_base': '/home/rokey/Desktop/example_project_ws/src/install/move_robot', 'merge_install': False, 'path': '/home/rokey/Desktop/example_project_ws/src/move_robot', 'symlink_install': False, 'test_result_base': None}
[0.541s] INFO:colcon.colcon_core.executor:Executing jobs using 'parallel' executor
[0.542s] DEBUG:colcon.colcon_parallel_executor.executor.parallel:run_until_complete
[0.543s] INFO:colcon.colcon_ros.task.ament_python.build:Building ROS package in '/home/rokey/Desktop/example_project_ws/src/example_project' with build type 'ament_python'
[0.543s] Level 1:colcon.colcon_core.shell:create_environment_hook('example_project', 'ament_prefix_path')
[0.545s] INFO:colcon.colcon_core.plugin_system:Skipping extension 'colcon_core.shell.bat': Not used on non-Windows systems
[0.545s] INFO:colcon.colcon_core.shell:Creating environment hook '/home/rokey/Desktop/example_project_ws/src/install/example_project/share/example_project/hook/ament_prefix_path.ps1'
[0.546s] INFO:colcon.colcon_core.shell:Creating environment descriptor '/home/rokey/Desktop/example_project_ws/src/install/example_project/share/example_project/hook/ament_prefix_path.dsv'
[0.547s] INFO:colcon.colcon_core.shell:Creating environment hook '/home/rokey/Desktop/example_project_ws/src/install/example_project/share/example_project/hook/ament_prefix_path.sh'
[0.548s] INFO:colcon.colcon_core.shell:Skip shell extension 'powershell' for command environment: Not usable outside of PowerShell
[0.548s] DEBUG:colcon.colcon_core.shell:Skip shell extension 'dsv' for command environment
[0.554s] INFO:colcon.colcon_ros.task.ament_python.build:Building ROS package in '/home/rokey/Desktop/example_project_ws/src/move_robot' with build type 'ament_python'
[0.554s] Level 1:colcon.colcon_core.shell:create_environment_hook('move_robot', 'ament_prefix_path')
[0.555s] INFO:colcon.colcon_core.shell:Creating environment hook '/home/rokey/Desktop/example_project_ws/src/install/move_robot/share/move_robot/hook/ament_prefix_path.ps1'
[0.555s] INFO:colcon.colcon_core.shell:Creating environment descriptor '/home/rokey/Desktop/example_project_ws/src/install/move_robot/share/move_robot/hook/ament_prefix_path.dsv'
[0.556s] INFO:colcon.colcon_core.shell:Creating environment hook '/home/rokey/Desktop/example_project_ws/src/install/move_robot/share/move_robot/hook/ament_prefix_path.sh'
[0.556s] INFO:colcon.colcon_core.shell:Skip shell extension 'powershell' for command environment: Not usable outside of PowerShell
[0.557s] DEBUG:colcon.colcon_core.shell:Skip shell extension 'dsv' for command environment
[0.934s] INFO:colcon.colcon_core.task.python.build:Building Python package in '/home/rokey/Desktop/example_project_ws/src/example_project'
[0.935s] INFO:colcon.colcon_core.shell:Skip shell extension 'powershell' for command environment: Not usable outside of PowerShell
[0.935s] DEBUG:colcon.colcon_core.shell:Skip shell extension 'dsv' for command environment
[1.311s] INFO:colcon.colcon_core.task.python.build:Building Python package in '/home/rokey/Desktop/example_project_ws/src/move_robot'
[1.312s] INFO:colcon.colcon_core.shell:Skip shell extension 'powershell' for command environment: Not usable outside of PowerShell
[1.312s] DEBUG:colcon.colcon_core.shell:Skip shell extension 'dsv' for command environment
[1.814s] DEBUG:colcon.colcon_core.event_handler.log_command:Invoking command in '/home/rokey/Desktop/example_project_ws/src/example_project': PYTHONPATH=/home/rokey/Desktop/example_project_ws/src/build/example_project/prefix_override:/usr/lib/python3/dist-packages/colcon_core/task/python/colcon_distutils_commands:/home/rokey/Desktop/example_project_ws/src/install/example_project/lib/python3.10/site-packages:${PYTHONPATH} /usr/bin/python3 -W ignore:setup.py install is deprecated -W ignore:easy_install command is deprecated setup.py egg_info --egg-base ../build/example_project build --build-base /home/rokey/Desktop/example_project_ws/src/build/example_project/build install --record /home/rokey/Desktop/example_project_ws/src/build/example_project/install.log --single-version-externally-managed install_data
[1.818s] DEBUG:colcon.colcon_core.event_handler.log_command:Invoking command in '/home/rokey/Desktop/example_project_ws/src/move_robot': PYTHONPATH=/home/rokey/Desktop/example_project_ws/src/build/move_robot/prefix_override:/usr/lib/python3/dist-packages/colcon_core/task/python/colcon_distutils_commands:/home/rokey/Desktop/example_project_ws/src/install/move_robot/lib/python3.10/site-packages:${PYTHONPATH} /usr/bin/python3 -W ignore:setup.py install is deprecated -W ignore:easy_install command is deprecated setup.py egg_info --egg-base ../build/move_robot build --build-base /home/rokey/Desktop/example_project_ws/src/build/move_robot/build install --record /home/rokey/Desktop/example_project_ws/src/build/move_robot/install.log --single-version-externally-managed install_data
[2.224s] DEBUG:colcon.colcon_core.event_handler.log_command:Invoked command in '/home/rokey/Desktop/example_project_ws/src/example_project' returned '0': PYTHONPATH=/home/rokey/Desktop/example_project_ws/src/build/example_project/prefix_override:/usr/lib/python3/dist-packages/colcon_core/task/python/colcon_distutils_commands:/home/rokey/Desktop/example_project_ws/src/install/example_project/lib/python3.10/site-packages:${PYTHONPATH} /usr/bin/python3 -W ignore:setup.py install is deprecated -W ignore:easy_install command is deprecated setup.py egg_info --egg-base ../build/example_project build --build-base /home/rokey/Desktop/example_project_ws/src/build/example_project/build install --record /home/rokey/Desktop/example_project_ws/src/build/example_project/install.log --single-version-externally-managed install_data
[2.227s] Level 1:colcon.colcon_core.environment:checking '/home/rokey/Desktop/example_project_ws/src/install/example_project' for CMake module files
[2.228s] Level 1:colcon.colcon_core.environment:checking '/home/rokey/Desktop/example_project_ws/src/install/example_project' for CMake config files
[2.228s] Level 1:colcon.colcon_core.environment:checking '/home/rokey/Desktop/example_project_ws/src/install/example_project/lib'
[2.229s] Level 1:colcon.colcon_core.environment:checking '/home/rokey/Desktop/example_project_ws/src/install/example_project/bin'
[2.229s] Level 1:colcon.colcon_core.environment:checking '/home/rokey/Desktop/example_project_ws/src/install/example_project/lib/pkgconfig/example_project.pc'
[2.229s] Level 1:colcon.colcon_core.environment:checking '/home/rokey/Desktop/example_project_ws/src/install/example_project/lib/python3.10/site-packages'
[2.229s] Level 1:colcon.colcon_core.shell:create_environment_hook('example_project', 'pythonpath')
[2.230s] INFO:colcon.colcon_core.shell:Creating environment hook '/home/rokey/Desktop/example_project_ws/src/install/example_project/share/example_project/hook/pythonpath.ps1'
[2.230s] INFO:colcon.colcon_core.shell:Creating environment descriptor '/home/rokey/Desktop/example_project_ws/src/install/example_project/share/example_project/hook/pythonpath.dsv'
[2.231s] INFO:colcon.colcon_core.shell:Creating environment hook '/home/rokey/Desktop/example_project_ws/src/install/example_project/share/example_project/hook/pythonpath.sh'
[2.232s] Level 1:colcon.colcon_core.environment:checking '/home/rokey/Desktop/example_project_ws/src/install/example_project/bin'
[2.232s] Level 1:colcon.colcon_core.environment:create_environment_scripts_only(example_project)
[2.232s] INFO:colcon.colcon_core.shell:Creating package script '/home/rokey/Desktop/example_project_ws/src/install/example_project/share/example_project/package.ps1'
[2.233s] INFO:colcon.colcon_core.shell:Creating package descriptor '/home/rokey/Desktop/example_project_ws/src/install/example_project/share/example_project/package.dsv'
[2.234s] INFO:colcon.colcon_core.shell:Creating package script '/home/rokey/Desktop/example_project_ws/src/install/example_project/share/example_project/package.sh'
[2.235s] INFO:colcon.colcon_core.shell:Creating package script '/home/rokey/Desktop/example_project_ws/src/install/example_project/share/example_project/package.bash'
[2.236s] INFO:colcon.colcon_core.shell:Creating package script '/home/rokey/Desktop/example_project_ws/src/install/example_project/share/example_project/package.zsh'
[2.236s] Level 1:colcon.colcon_core.environment:create_file_with_runtime_dependencies(/home/rokey/Desktop/example_project_ws/src/install/example_project/share/colcon-core/packages/example_project)
[2.238s] Level 1:colcon.colcon_core.environment:checking '/home/rokey/Desktop/example_project_ws/src/install/move_robot' for CMake module files
[2.239s] DEBUG:colcon.colcon_core.event_handler.log_command:Invoked command in '/home/rokey/Desktop/example_project_ws/src/move_robot' returned '0': PYTHONPATH=/home/rokey/Desktop/example_project_ws/src/build/move_robot/prefix_override:/usr/lib/python3/dist-packages/colcon_core/task/python/colcon_distutils_commands:/home/rokey/Desktop/example_project_ws/src/install/move_robot/lib/python3.10/site-packages:${PYTHONPATH} /usr/bin/python3 -W ignore:setup.py install is deprecated -W ignore:easy_install command is deprecated setup.py egg_info --egg-base ../build/move_robot build --build-base /home/rokey/Desktop/example_project_ws/src/build/move_robot/build install --record /home/rokey/Desktop/example_project_ws/src/build/move_robot/install.log --single-version-externally-managed install_data
[2.239s] Level 1:colcon.colcon_core.environment:checking '/home/rokey/Desktop/example_project_ws/src/install/move_robot' for CMake config files
[2.240s] Level 1:colcon.colcon_core.environment:checking '/home/rokey/Desktop/example_project_ws/src/install/move_robot/lib'
[2.240s] Level 1:colcon.colcon_core.environment:checking '/home/rokey/Desktop/example_project_ws/src/install/move_robot/bin'
[2.240s] Level 1:colcon.colcon_core.environment:checking '/home/rokey/Desktop/example_project_ws/src/install/move_robot/lib/pkgconfig/move_robot.pc'
[2.240s] Level 1:colcon.colcon_core.environment:checking '/home/rokey/Desktop/example_project_ws/src/install/move_robot/lib/python3.10/site-packages'
[2.240s] Level 1:colcon.colcon_core.shell:create_environment_hook('move_robot', 'pythonpath')
[2.240s] INFO:colcon.colcon_core.shell:Creating environment hook '/home/rokey/Desktop/example_project_ws/src/install/move_robot/share/move_robot/hook/pythonpath.ps1'
[2.241s] INFO:colcon.colcon_core.shell:Creating environment descriptor '/home/rokey/Desktop/example_project_ws/src/install/move_robot/share/move_robot/hook/pythonpath.dsv'
[2.241s] INFO:colcon.colcon_core.shell:Creating environment hook '/home/rokey/Desktop/example_project_ws/src/install/move_robot/share/move_robot/hook/pythonpath.sh'
[2.242s] Level 1:colcon.colcon_core.environment:checking '/home/rokey/Desktop/example_project_ws/src/install/move_robot/bin'
[2.242s] Level 1:colcon.colcon_core.environment:create_environment_scripts_only(move_robot)
[2.242s] INFO:colcon.colcon_core.shell:Creating package script '/home/rokey/Desktop/example_project_ws/src/install/move_robot/share/move_robot/package.ps1'
[2.243s] INFO:colcon.colcon_core.shell:Creating package descriptor '/home/rokey/Desktop/example_project_ws/src/install/move_robot/share/move_robot/package.dsv'
[2.243s] INFO:colcon.colcon_core.shell:Creating package script '/home/rokey/Desktop/example_project_ws/src/install/move_robot/share/move_robot/package.sh'
[2.244s] INFO:colcon.colcon_core.shell:Creating package script '/home/rokey/Desktop/example_project_ws/src/install/move_robot/share/move_robot/package.bash'
[2.244s] INFO:colcon.colcon_core.shell:Creating package script '/home/rokey/Desktop/example_project_ws/src/install/move_robot/share/move_robot/package.zsh'
[2.245s] Level 1:colcon.colcon_core.environment:create_file_with_runtime_dependencies(/home/rokey/Desktop/example_project_ws/src/install/move_robot/share/colcon-core/packages/move_robot)
[2.245s] DEBUG:colcon.colcon_parallel_executor.executor.parallel:closing loop
[2.245s] DEBUG:colcon.colcon_parallel_executor.executor.parallel:loop closed
[2.245s] DEBUG:colcon.colcon_parallel_executor.executor.parallel:run_until_complete finished with '0'
[2.245s] DEBUG:colcon.colcon_core.event_reactor:joining thread
[2.252s] INFO:colcon.colcon_core.plugin_system:Skipping extension 'colcon_notification.desktop_notification.terminal_notifier': Not used on non-Darwin systems
[2.252s] INFO:colcon.colcon_core.plugin_system:Skipping extension 'colcon_notification.desktop_notification.win32': Not used on non-Windows systems
[2.252s] INFO:colcon.colcon_notification.desktop_notification:Sending desktop notification using 'notify2'
[2.267s] DEBUG:colcon.colcon_core.event_reactor:joined thread
[2.268s] INFO:colcon.colcon_core.shell:Creating prefix script '/home/rokey/Desktop/example_project_ws/src/install/local_setup.ps1'
[2.269s] INFO:colcon.colcon_core.shell:Creating prefix util module '/home/rokey/Desktop/example_project_ws/src/install/_local_setup_util_ps1.py'
[2.271s] INFO:colcon.colcon_core.shell:Creating prefix chain script '/home/rokey/Desktop/example_project_ws/src/install/setup.ps1'
[2.273s] INFO:colcon.colcon_core.shell:Creating prefix script '/home/rokey/Desktop/example_project_ws/src/install/local_setup.sh'
[2.273s] INFO:colcon.colcon_core.shell:Creating prefix util module '/home/rokey/Desktop/example_project_ws/src/install/_local_setup_util_sh.py'
[2.274s] INFO:colcon.colcon_core.shell:Creating prefix chain script '/home/rokey/Desktop/example_project_ws/src/install/setup.sh'
[2.276s] INFO:colcon.colcon_core.shell:Creating prefix script '/home/rokey/Desktop/example_project_ws/src/install/local_setup.bash'
[2.276s] INFO:colcon.colcon_core.shell:Creating prefix chain script '/home/rokey/Desktop/example_project_ws/src/install/setup.bash'
[2.278s] INFO:colcon.colcon_core.shell:Creating prefix script '/home/rokey/Desktop/example_project_ws/src/install/local_setup.zsh'
[2.278s] INFO:colcon.colcon_core.shell:Creating prefix chain script '/home/rokey/Desktop/example_project_ws/src/install/setup.zsh'
