[0.930s] Invoking command in '/home/supreme/example_project_ws/src/move_robot': PYTHONPATH=/home/supreme/example_project_ws/build/move_robot/prefix_override:/usr/lib/python3/dist-packages/colcon_core/task/python/colcon_distutils_commands:/home/supreme/example_project_ws/install/move_robot/lib/python3.10/site-packages:${PYTHONPATH} /usr/bin/python3 -W ignore:setup.py install is deprecated -W ignore:easy_install command is deprecated setup.py egg_info --egg-base ../../build/move_robot build --build-base /home/supreme/example_project_ws/build/move_robot/build install --record /home/supreme/example_project_ws/build/move_robot/install.log --single-version-externally-managed install_data
[1.196s] running egg_info
[1.196s] writing ../../build/move_robot/move_robot.egg-info/PKG-INFO
[1.197s] writing dependency_links to ../../build/move_robot/move_robot.egg-info/dependency_links.txt
[1.197s] writing entry points to ../../build/move_robot/move_robot.egg-info/entry_points.txt
[1.197s] writing requirements to ../../build/move_robot/move_robot.egg-info/requires.txt
[1.197s] writing top-level names to ../../build/move_robot/move_robot.egg-info/top_level.txt
[1.199s] reading manifest file '../../build/move_robot/move_robot.egg-info/SOURCES.txt'
[1.199s] writing manifest file '../../build/move_robot/move_robot.egg-info/SOURCES.txt'
[1.199s] running build
[1.200s] running build_py
[1.200s] running install
[1.200s] running install_lib
[1.201s] running install_data
[1.201s] running install_egg_info
[1.203s] removing '/home/supreme/example_project_ws/install/move_robot/lib/python3.10/site-packages/move_robot-0.0.0-py3.10.egg-info' (and everything under it)
[1.203s] Copying ../../build/move_robot/move_robot.egg-info to /home/supreme/example_project_ws/install/move_robot/lib/python3.10/site-packages/move_robot-0.0.0-py3.10.egg-info
[1.204s] running install_scripts
[1.226s] writing list of installed files to '/home/supreme/example_project_ws/build/move_robot/install.log'
[1.257s] Invoked command in '/home/supreme/example_project_ws/src/move_robot' returned '0': PYTHONPATH=/home/supreme/example_project_ws/build/move_robot/prefix_override:/usr/lib/python3/dist-packages/colcon_core/task/python/colcon_distutils_commands:/home/supreme/example_project_ws/install/move_robot/lib/python3.10/site-packages:${PYTHONPATH} /usr/bin/python3 -W ignore:setup.py install is deprecated -W ignore:easy_install command is deprecated setup.py egg_info --egg-base ../../build/move_robot build --build-base /home/supreme/example_project_ws/build/move_robot/build install --record /home/supreme/example_project_ws/build/move_robot/install.log --single-version-externally-managed install_data
