[1.316s] Invoking command in '/home/rokey/Desktop/example_project_ws/src/example_project': PYTHONPATH=/home/rokey/Desktop/example_project_ws/src/build/example_project/prefix_override:/usr/lib/python3/dist-packages/colcon_core/task/python/colcon_distutils_commands:/home/rokey/Desktop/example_project_ws/src/install/example_project/lib/python3.10/site-packages:${PYTHONPATH} /usr/bin/python3 -W ignore:setup.py install is deprecated -W ignore:easy_install command is deprecated setup.py egg_info --egg-base ../build/example_project build --build-base /home/rokey/Desktop/example_project_ws/src/build/example_project/build install --record /home/rokey/Desktop/example_project_ws/src/build/example_project/install.log --single-version-externally-managed install_data
[1.655s] running egg_info
[1.655s] writing ../build/example_project/example_project.egg-info/PKG-INFO
[1.656s] writing dependency_links to ../build/example_project/example_project.egg-info/dependency_links.txt
[1.656s] writing entry points to ../build/example_project/example_project.egg-info/entry_points.txt
[1.656s] writing requirements to ../build/example_project/example_project.egg-info/requires.txt
[1.656s] writing top-level names to ../build/example_project/example_project.egg-info/top_level.txt
[1.659s] reading manifest file '../build/example_project/example_project.egg-info/SOURCES.txt'
[1.661s] writing manifest file '../build/example_project/example_project.egg-info/SOURCES.txt'
[1.661s] running build
[1.662s] running build_py
[1.662s] copying example_project/customer_v4.py -> /home/rokey/Desktop/example_project_ws/src/build/example_project/build/lib/example_project
[1.662s] running install
[1.662s] running install_lib
[1.662s] copying /home/rokey/Desktop/example_project_ws/src/build/example_project/build/lib/example_project/customer_v4.py -> /home/rokey/Desktop/example_project_ws/src/install/example_project/lib/python3.10/site-packages/example_project
[1.663s] byte-compiling /home/rokey/Desktop/example_project_ws/src/install/example_project/lib/python3.10/site-packages/example_project/customer_v4.py to customer_v4.cpython-310.pyc
[1.667s] running install_data
[1.667s] running install_egg_info
[1.669s] removing '/home/rokey/Desktop/example_project_ws/src/install/example_project/lib/python3.10/site-packages/example_project-0.0.1-py3.10.egg-info' (and everything under it)
[1.669s] Copying ../build/example_project/example_project.egg-info to /home/rokey/Desktop/example_project_ws/src/install/example_project/lib/python3.10/site-packages/example_project-0.0.1-py3.10.egg-info
[1.670s] running install_scripts
[1.698s] Installing customer_v4 script to /home/rokey/Desktop/example_project_ws/src/install/example_project/lib/example_project
[1.698s] Installing kitchen_v4 script to /home/rokey/Desktop/example_project_ws/src/install/example_project/lib/example_project
[1.698s] writing list of installed files to '/home/rokey/Desktop/example_project_ws/src/build/example_project/install.log'
[1.751s] Invoked command in '/home/rokey/Desktop/example_project_ws/src/example_project' returned '0': PYTHONPATH=/home/rokey/Desktop/example_project_ws/src/build/example_project/prefix_override:/usr/lib/python3/dist-packages/colcon_core/task/python/colcon_distutils_commands:/home/rokey/Desktop/example_project_ws/src/install/example_project/lib/python3.10/site-packages:${PYTHONPATH} /usr/bin/python3 -W ignore:setup.py install is deprecated -W ignore:easy_install command is deprecated setup.py egg_info --egg-base ../build/example_project build --build-base /home/rokey/Desktop/example_project_ws/src/build/example_project/build install --record /home/rokey/Desktop/example_project_ws/src/build/example_project/install.log --single-version-externally-managed install_data
